Generating round keys for key 2475a2b33475568831e2120013aa5487
Pre-Round Key:
24 34 31 13
75 75 e2 aa
a2 56 12 54
b3 88 00 87
Round 1 Key:
89 bd 8c 9f
55 20 c2 68
b5 e3 f1 a5
ce 46 46 c1
Round 2 Key:
ce 73 ff 60
53 73 b1 d9
cd 2e df 7a
15 53 15 d4
Round 3 Key:
ff 8c 73 13
89 fa 4b 92
85 ab 74 0e
c5 96 83 57
Round 4 Key:
b8 34 47 54
22 d8 93 01
de 75 01 0f
b8 2e ad fa
Round 5 Key:
d4 e0 a7 f3
54 8c 1f 1e
f3 86 87 88
98 b6 1b e1
Round 6 Key:
86 66 c1 32
90 1c 03 1d
0b 8d 0a 82
95 23 38 d9
Round 7 Key:
62 04 c5 f7
83 9f 9c 81
3e b3 b9 3b
b6 95 ad 74
Round 8 Key:
ee ea 2f d8
61 fe 62 e3
ac 1f a6 9d
de 4b e6 92
Round 9 Key:
e4 0e 21 f9
3f c1 a3 40
e3 fc 5a c7
bf f4 12 80
Round 10 Key:
db d5 f4 0d
f9 38 9b db
2e d2 88 4f
26 d2 c0 40
----------------