Plaintext:      
00 12 0c 08     
04 04 00 23     
12 12 13 19     
14 00 11 19     
Pre-Round State:
24 26 3d 1b     
71 71 e2 89     
b0 44 01 4d     
a7 88 11 9e     
Round 1 State:  
6c 44 13 bd
b1 9e 46 35
c5 b5 f3 02
5d 87 fc 8c
Round 2 State:
1a 90 15 b2
66 09 1d fc
20 55 5a b2
2b cb 8c 3c
Round 3 State:
f6 7d a2 b0
1b 61 b4 b8
67 09 c9 45
4a 5c 51 09
Round 4 State:
ca e5 48 bb
d8 42 af 71
d1 ba 98 2d
4e 60 9e df
Round 5 State:
90 35 13 60
2c fb 82 3a
9e fc 61 ed
49 39 cb 47
Round 6 State:
18 0a b9 b5
64 68 6a fb
5a ef d7 79
8e b2 10 4d
Round 7 State:
01 63 f1 96
55 24 3a 62
f4 8a de 4d
cc ba 88 03
Round 8 State:
2a 34 d8 46
2d 6b a2 d6
51 64 cf 5a
87 a8 f8 28
Round 9 State:
0a d9 f1 3c
95 63 9f 35
2a 80 29 00
16 76 09 77
Round 10 State / Ciphertext:
bc e0 55 e6
02 e3 0d f1
8b b1 6d 82
d3 95 f8 41