#! /c/Source/iverilog-install/bin/vvp
:ivl_version "12.0 (devel)" "(s20150603-1539-g2693dd32b)";
:ivl_delay_selection "TYPICAL";
:vpi_time_precision - 9;
:vpi_module "C:\iverilog\lib\ivl\system.vpi";
:vpi_module "C:\iverilog\lib\ivl\vhdl_sys.vpi";
:vpi_module "C:\iverilog\lib\ivl\vhdl_textio.vpi";
:vpi_module "C:\iverilog\lib\ivl\v2005_math.vpi";
:vpi_module "C:\iverilog\lib\ivl\va_math.vpi";
S_000001fc40561640 .scope module, "aes_engine_tb" "aes_engine_tb" 2 4;
 .timescale -9 -9;
P_000001fc405617d0 .param/l "C_ID" 1 2 32, C4<00>;
P_000001fc40561808 .param/l "C_SK" 1 2 34, C4<10>;
P_000001fc40561840 .param/l "C_SP" 1 2 33, C4<01>;
P_000001fc40561878 .param/l "C_ST" 1 2 35, C4<11>;
v000001fc40995d30_0 .var *"_ivl_0", 0 0; Local signal
v000001fc40994bb0_0 .var "clk_tb", 0 0;
v000001fc40995e70_0 .var "cmd_tb", 1 0;
v000001fc40995f10_0 .var "din_tb", 7 0;
v000001fc40997a90_0 .net "done_tb", 0 0, L_000001fc409e1af0;  1 drivers
v000001fc40998c10_0 .net "ready_tb", 0 0, L_000001fc40997770;  1 drivers
v000001fc40998850_0 .var "rst_tb", 0 0;
S_000001fc405618c0 .scope module, "i_uut" "aes_engine" 2 16, 3 2 0, S_000001fc40561640;
 .timescale 0 0;
    .port_info 0 /INPUT 1 "clk";
    .port_info 1 /INPUT 1 "rst_";
    .port_info 2 /INPUT 8 "din";
    .port_info 3 /INPUT 2 "cmd";
    .port_info 4 /OUTPUT 1 "interface_ready";
    .port_info 5 /OUTPUT 128 "round0_key_o";
    .port_info 6 /OUTPUT 128 "round1_key_o";
    .port_info 7 /OUTPUT 128 "round2_key_o";
    .port_info 8 /OUTPUT 128 "round3_key_o";
    .port_info 9 /OUTPUT 128 "round4_key_o";
    .port_info 10 /OUTPUT 128 "round5_key_o";
    .port_info 11 /OUTPUT 128 "round6_key_o";
    .port_info 12 /OUTPUT 128 "round7_key_o";
    .port_info 13 /OUTPUT 128 "round8_key_o";
    .port_info 14 /OUTPUT 128 "round9_key_o";
    .port_info 15 /OUTPUT 128 "round10_key_o";
    .port_info 16 /OUTPUT 1 "engine_done";
v000001fc409941b0_0 .net "clk", 0 0, v000001fc40994bb0_0;  1 drivers
v000001fc40995290_0 .net "cmd", 1 0, v000001fc40995e70_0;  1 drivers
v000001fc40994cf0_0 .net "din", 7 0, v000001fc40995f10_0;  1 drivers
v000001fc40994570_0 .net "engine_done", 0 0, L_000001fc409e1af0;  alias, 1 drivers
v000001fc40995330_0 .net "engine_start", 0 0, L_000001fc409e1f50;  1 drivers
v000001fc409942f0_0 .net "interface_ready", 0 0, L_000001fc40997770;  alias, 1 drivers
v000001fc40994610_0 .net "key", 127 0, L_000001fc405b8c60;  1 drivers
v000001fc40994750_0 .net "plain", 127 0, L_000001fc405b8b10;  1 drivers
v000001fc40995470_0 .net "round0_key_o", 127 0, L_000001fc409e15b0;  1 drivers
v000001fc40995790_0 .net "round10_key_o", 127 0, L_000001fc409e14d0;  1 drivers
v000001fc40995830_0 .net "round1_key_o", 127 0, L_000001fc409e1e00;  1 drivers
v000001fc409958d0_0 .net "round2_key_o", 127 0, L_000001fc409e1a10;  1 drivers
v000001fc40995970_0 .net "round3_key_o", 127 0, L_000001fc409e18c0;  1 drivers
v000001fc409949d0_0 .net "round4_key_o", 127 0, L_000001fc409e17e0;  1 drivers
v000001fc40995a10_0 .net "round5_key_o", 127 0, L_000001fc409e1930;  1 drivers
v000001fc40995b50_0 .net "round6_key_o", 127 0, L_000001fc409e1620;  1 drivers
v000001fc40994a70_0 .net "round7_key_o", 127 0, L_000001fc409e1b60;  1 drivers
v000001fc40994b10_0 .net "round8_key_o", 127 0, L_000001fc409e19a0;  1 drivers
v000001fc40995bf0_0 .net "round9_key_o", 127 0, L_000001fc409e1850;  1 drivers
v000001fc40995c90_0 .net "rst_", 0 0, v000001fc40998850_0;  1 drivers
S_000001fc405b6190 .scope module, "input_module" "input_interface" 3 38, 4 2 0, S_000001fc405618c0;
 .timescale 0 0;
    .port_info 0 /INPUT 1 "clk";
    .port_info 1 /INPUT 1 "rst_";
    .port_info 2 /INPUT 8 "din";
    .port_info 3 /INPUT 2 "cmd";
    .port_info 4 /OUTPUT 1 "ready";
    .port_info 5 /INPUT 1 "engine_done";
    .port_info 6 /OUTPUT 1 "engine_start";
    .port_info 7 /OUTPUT 128 "plain_out";
    .port_info 8 /OUTPUT 128 "key_out";
P_000001fc405b6320 .param/l "S_ID" 1 4 16, C4<00>;
P_000001fc405b6358 .param/l "S_SK" 1 4 18, C4<10>;
P_000001fc405b6390 .param/l "S_SP" 1 4 17, C4<01>;
P_000001fc405b63c8 .param/l "S_ST" 1 4 19, C4<11>;
L_000001fc405b8b10 .functor BUFZ 128, v000001fc4060dab0_0, C4<00000000000000000000000000000000000000000000000000000000000000000000000000000000000000000000000000000000000000000000000000000000>, C4<00000000000000000000000000000000000000000000000000000000000000000000000000000000000000000000000000000000000000000000000000000000>, C4<00000000000000000000000000000000000000000000000000000000000000000000000000000000000000000000000000000000000000000000000000000000>;
L_000001fc405b8c60 .functor BUFZ 128, v000001fc4060df10_0, C4<00000000000000000000000000000000000000000000000000000000000000000000000000000000000000000000000000000000000000000000000000000000>, C4<00000000000000000000000000000000000000000000000000000000000000000000000000000000000000000000000000000000000000000000000000000000>, C4<00000000000000000000000000000000000000000000000000000000000000000000000000000000000000000000000000000000000000000000000000000000>;
L_000001fc409e1a80 .functor AND 1, L_000001fc40998210, L_000001fc409973b0, C4<1>, C4<1>;
L_000001fc409e1f50 .functor AND 1, L_000001fc409e1a80, L_000001fc409988f0, C4<1>, C4<1>;
v000001fc40523d20_0 .net *"_ivl_10", 0 0, L_000001fc409973b0;  1 drivers
v000001fc405238a0_0 .net *"_ivl_13", 0 0, L_000001fc409e1a80;  1 drivers
L_000001fc40999188 .functor BUFT 1, C4<11>, C4<0>, C4<0>, C4<0>;
v000001fc4060d510_0 .net/2u *"_ivl_14", 1 0, L_000001fc40999188;  1 drivers
v000001fc4060d1f0_0 .net *"_ivl_16", 0 0, L_000001fc409988f0;  1 drivers
L_000001fc409991d0 .functor BUFT 1, C4<00>, C4<0>, C4<0>, C4<0>;
v000001fc4060dbf0_0 .net/2u *"_ivl_20", 1 0, L_000001fc409991d0;  1 drivers
L_000001fc409990f8 .functor BUFT 1, C4<1111>, C4<0>, C4<0>, C4<0>;
v000001fc4060de70_0 .net/2u *"_ivl_4", 3 0, L_000001fc409990f8;  1 drivers
v000001fc4060d830_0 .net *"_ivl_6", 0 0, L_000001fc40998210;  1 drivers
L_000001fc40999140 .functor BUFT 1, C4<1111>, C4<0>, C4<0>, C4<0>;
v000001fc4060d470_0 .net/2u *"_ivl_8", 3 0, L_000001fc40999140;  1 drivers
v000001fc4060d8d0_0 .net "clk", 0 0, v000001fc40994bb0_0;  alias, 1 drivers
v000001fc4060db50_0 .net "cmd", 1 0, v000001fc40995e70_0;  alias, 1 drivers
v000001fc4060d150_0 .net "din", 7 0, v000001fc40995f10_0;  alias, 1 drivers
v000001fc4060da10_0 .net "engine_done", 0 0, L_000001fc409e1af0;  alias, 1 drivers
v000001fc4060d6f0_0 .net "engine_start", 0 0, L_000001fc409e1f50;  alias, 1 drivers
v000001fc4060ddd0_0 .var "k_i", 3 0;
v000001fc4060df10_0 .var "key", 127 0;
v000001fc4060d330_0 .net "key_out", 127 0, L_000001fc405b8c60;  alias, 1 drivers
v000001fc4060d970_0 .var "next_state", 1 0;
v000001fc4060d010_0 .var "p_i", 3 0;
v000001fc4060dab0_0 .var "plain", 127 0;
v000001fc4060d3d0_0 .net "plain_out", 127 0, L_000001fc405b8b10;  alias, 1 drivers
v000001fc4060dd30_0 .net "ready", 0 0, L_000001fc40997770;  alias, 1 drivers
v000001fc4060d5b0_0 .net "rst_", 0 0, v000001fc40998850_0;  alias, 1 drivers
v000001fc4060dc90_0 .var "state", 1 0;
E_000001fc405e8b50 .event posedge, v000001fc4060d8d0_0;
E_000001fc405e8ed0 .event negedge, v000001fc4060d8d0_0;
L_000001fc40998210 .cmp/eq 4, v000001fc4060d010_0, L_000001fc409990f8;
L_000001fc409973b0 .cmp/eq 4, v000001fc4060ddd0_0, L_000001fc40999140;
L_000001fc409988f0 .cmp/eq 2, v000001fc4060dc90_0, L_000001fc40999188;
L_000001fc40997770 .cmp/eq 2, v000001fc4060dc90_0, L_000001fc409991d0;
S_000001fc405b6410 .scope begin, "next_state_decode" "next_state_decode" 4 57, 4 57 0, S_000001fc405b6190;
 .timescale 0 0;
S_000001fc405b06d0 .scope task, "resetkey" "resetkey" 4 41, 4 41 0, S_000001fc405b6190;
 .timescale 0 0;
TD_aes_engine_tb.i_uut.input_module.resetkey ;
    %pushi/vec4 0, 0, 128;
    %store/vec4 v000001fc4060df10_0, 0, 128;
    %pushi/vec4 0, 0, 4;
    %store/vec4 v000001fc4060ddd0_0, 0, 4;
    %end;
S_000001fc405b0860 .scope task, "resetplain" "resetplain" 4 47, 4 47 0, S_000001fc405b6190;
 .timescale 0 0;
TD_aes_engine_tb.i_uut.input_module.resetplain ;
    %pushi/vec4 0, 0, 128;
    %store/vec4 v000001fc4060dab0_0, 0, 128;
    %pushi/vec4 0, 0, 4;
    %store/vec4 v000001fc4060d010_0, 0, 4;
    %end;
S_000001fc4060dfd0 .scope module, "key_gen_module" "engine_key_generator" 3 52, 5 3 0, S_000001fc405618c0;
 .timescale 0 0;
    .port_info 0 /INPUT 1 "rst_";
    .port_info 1 /INPUT 128 "key_in";
    .port_info 2 /INPUT 1 "engine_start";
    .port_info 3 /OUTPUT 1 "transformer_start";
    .port_info 4 /INPUT 1 "transformer_done";
    .port_info 5 /OUTPUT 128 "round0_key";
    .port_info 6 /OUTPUT 128 "round1_key";
    .port_info 7 /OUTPUT 128 "round2_key";
    .port_info 8 /OUTPUT 128 "round3_key";
    .port_info 9 /OUTPUT 128 "round4_key";
    .port_info 10 /OUTPUT 128 "round5_key";
    .port_info 11 /OUTPUT 128 "round6_key";
    .port_info 12 /OUTPUT 128 "round7_key";
    .port_info 13 /OUTPUT 128 "round8_key";
    .port_info 14 /OUTPUT 128 "round9_key";
    .port_info 15 /OUTPUT 128 "round10_key";
L_000001fc409e1af0 .functor BUFZ 1, v000001fc40995150_0, C4<0>, C4<0>, C4<0>;
v000001fc409950b0_0 .array/port v000001fc409950b0, 0;
L_000001fc409e15b0 .functor BUFZ 128, v000001fc409950b0_0, C4<00000000000000000000000000000000000000000000000000000000000000000000000000000000000000000000000000000000000000000000000000000000>, C4<00000000000000000000000000000000000000000000000000000000000000000000000000000000000000000000000000000000000000000000000000000000>, C4<00000000000000000000000000000000000000000000000000000000000000000000000000000000000000000000000000000000000000000000000000000000>;
v000001fc409950b0_1 .array/port v000001fc409950b0, 1;
L_000001fc409e1e00 .functor BUFZ 128, v000001fc409950b0_1, C4<00000000000000000000000000000000000000000000000000000000000000000000000000000000000000000000000000000000000000000000000000000000>, C4<00000000000000000000000000000000000000000000000000000000000000000000000000000000000000000000000000000000000000000000000000000000>, C4<00000000000000000000000000000000000000000000000000000000000000000000000000000000000000000000000000000000000000000000000000000000>;
v000001fc409950b0_2 .array/port v000001fc409950b0, 2;
L_000001fc409e1a10 .functor BUFZ 128, v000001fc409950b0_2, C4<00000000000000000000000000000000000000000000000000000000000000000000000000000000000000000000000000000000000000000000000000000000>, C4<00000000000000000000000000000000000000000000000000000000000000000000000000000000000000000000000000000000000000000000000000000000>, C4<00000000000000000000000000000000000000000000000000000000000000000000000000000000000000000000000000000000000000000000000000000000>;
v000001fc409950b0_3 .array/port v000001fc409950b0, 3;
L_000001fc409e18c0 .functor BUFZ 128, v000001fc409950b0_3, C4<00000000000000000000000000000000000000000000000000000000000000000000000000000000000000000000000000000000000000000000000000000000>, C4<00000000000000000000000000000000000000000000000000000000000000000000000000000000000000000000000000000000000000000000000000000000>, C4<00000000000000000000000000000000000000000000000000000000000000000000000000000000000000000000000000000000000000000000000000000000>;
v000001fc409950b0_4 .array/port v000001fc409950b0, 4;
L_000001fc409e17e0 .functor BUFZ 128, v000001fc409950b0_4, C4<00000000000000000000000000000000000000000000000000000000000000000000000000000000000000000000000000000000000000000000000000000000>, C4<00000000000000000000000000000000000000000000000000000000000000000000000000000000000000000000000000000000000000000000000000000000>, C4<00000000000000000000000000000000000000000000000000000000000000000000000000000000000000000000000000000000000000000000000000000000>;
v000001fc409950b0_5 .array/port v000001fc409950b0, 5;
L_000001fc409e1930 .functor BUFZ 128, v000001fc409950b0_5, C4<00000000000000000000000000000000000000000000000000000000000000000000000000000000000000000000000000000000000000000000000000000000>, C4<00000000000000000000000000000000000000000000000000000000000000000000000000000000000000000000000000000000000000000000000000000000>, C4<00000000000000000000000000000000000000000000000000000000000000000000000000000000000000000000000000000000000000000000000000000000>;
v000001fc409950b0_6 .array/port v000001fc409950b0, 6;
L_000001fc409e1620 .functor BUFZ 128, v000001fc409950b0_6, C4<00000000000000000000000000000000000000000000000000000000000000000000000000000000000000000000000000000000000000000000000000000000>, C4<00000000000000000000000000000000000000000000000000000000000000000000000000000000000000000000000000000000000000000000000000000000>, C4<00000000000000000000000000000000000000000000000000000000000000000000000000000000000000000000000000000000000000000000000000000000>;
v000001fc409950b0_7 .array/port v000001fc409950b0, 7;
L_000001fc409e1b60 .functor BUFZ 128, v000001fc409950b0_7, C4<00000000000000000000000000000000000000000000000000000000000000000000000000000000000000000000000000000000000000000000000000000000>, C4<00000000000000000000000000000000000000000000000000000000000000000000000000000000000000000000000000000000000000000000000000000000>, C4<00000000000000000000000000000000000000000000000000000000000000000000000000000000000000000000000000000000000000000000000000000000>;
v000001fc409950b0_8 .array/port v000001fc409950b0, 8;
L_000001fc409e19a0 .functor BUFZ 128, v000001fc409950b0_8, C4<00000000000000000000000000000000000000000000000000000000000000000000000000000000000000000000000000000000000000000000000000000000>, C4<00000000000000000000000000000000000000000000000000000000000000000000000000000000000000000000000000000000000000000000000000000000>, C4<00000000000000000000000000000000000000000000000000000000000000000000000000000000000000000000000000000000000000000000000000000000>;
v000001fc409950b0_9 .array/port v000001fc409950b0, 9;
L_000001fc409e1850 .functor BUFZ 128, v000001fc409950b0_9, C4<00000000000000000000000000000000000000000000000000000000000000000000000000000000000000000000000000000000000000000000000000000000>, C4<00000000000000000000000000000000000000000000000000000000000000000000000000000000000000000000000000000000000000000000000000000000>, C4<00000000000000000000000000000000000000000000000000000000000000000000000000000000000000000000000000000000000000000000000000000000>;
v000001fc409950b0_10 .array/port v000001fc409950b0, 10;
L_000001fc409e14d0 .functor BUFZ 128, v000001fc409950b0_10, C4<00000000000000000000000000000000000000000000000000000000000000000000000000000000000000000000000000000000000000000000000000000000>, C4<00000000000000000000000000000000000000000000000000000000000000000000000000000000000000000000000000000000000000000000000000000000>, C4<00000000000000000000000000000000000000000000000000000000000000000000000000000000000000000000000000000000000000000000000000000000>;
v000001fc40994390_0 .net "engine_start", 0 0, L_000001fc409e1f50;  alias, 1 drivers
v000001fc409951f0_0 .var/i "i", 31 0;
v000001fc40994110_0 .net "key_in", 127 0, L_000001fc405b8c60;  alias, 1 drivers
v000001fc40995510_0 .net "round0_key", 127 0, L_000001fc409e15b0;  alias, 1 drivers
v000001fc40994d90_0 .net "round10_key", 127 0, L_000001fc409e14d0;  alias, 1 drivers
v000001fc40994890_0 .net "round1_key", 127 0, L_000001fc409e1e00;  alias, 1 drivers
v000001fc40995dd0_0 .net "round2_key", 127 0, L_000001fc409e1a10;  alias, 1 drivers
v000001fc409955b0_0 .net "round3_key", 127 0, L_000001fc409e18c0;  alias, 1 drivers
v000001fc40995650_0 .net "round4_key", 127 0, L_000001fc409e17e0;  alias, 1 drivers
v000001fc40994250_0 .net "round5_key", 127 0, L_000001fc409e1930;  alias, 1 drivers
v000001fc40995ab0_0 .net "round6_key", 127 0, L_000001fc409e1620;  alias, 1 drivers
v000001fc409953d0_0 .net "round7_key", 127 0, L_000001fc409e1b60;  alias, 1 drivers
v000001fc40994ed0_0 .net "round8_key", 127 0, L_000001fc409e19a0;  alias, 1 drivers
v000001fc40994f70_0 .net "round9_key", 127 0, L_000001fc409e1850;  alias, 1 drivers
v000001fc409950b0 .array "round_keys", 0 10, 127 0;
v000001fc409956f0_0 .net "rst_", 0 0, v000001fc40998850_0;  alias, 1 drivers
v000001fc40994c50_0 .var "tempword", 31 0;
L_000001fc40999218 .functor BUFT 1, C4<0>, C4<0>, C4<0>, C4<0>;
v000001fc409944d0_0 .net "transformer_done", 0 0, L_000001fc40999218;  1 drivers
v000001fc40994e30_0 .net "transformer_start", 0 0, L_000001fc409e1af0;  alias, 1 drivers
v000001fc40995150_0 .var "transformer_start_r", 0 0;
v000001fc40994430 .array "w", 0 43, 31 0;
E_000001fc405e8bd0 .event posedge, v000001fc4060d6f0_0;
E_000001fc405e90d0/0 .event negedge, v000001fc4060d5b0_0;
E_000001fc405e90d0/1 .event posedge, v000001fc409944d0_0;
E_000001fc405e90d0 .event/or E_000001fc405e90d0/0, E_000001fc405e90d0/1;
S_000001fc4060e270 .scope function.vec4.s8, "aes_sbox" "aes_sbox" 5 149, 5 149 0, S_000001fc4060dfd0;
 .timescale 0 0;
; Variable aes_sbox is vec4 return value of scope S_000001fc4060e270
v000001fc4060d290_0 .var "in", 7 0;
TD_aes_engine_tb.i_uut.key_gen_module.aes_sbox ;
    %load/vec4 v000001fc4060d290_0;
    %dup/vec4;
    %pushi/vec4 0, 0, 8;
    %cmp/u;
    %jmp/1 T_2.0, 6;
    %dup/vec4;
    %pushi/vec4 1, 0, 8;
    %cmp/u;
    %jmp/1 T_2.1, 6;
    %dup/vec4;
    %pushi/vec4 2, 0, 8;
    %cmp/u;
    %jmp/1 T_2.2, 6;
    %dup/vec4;
    %pushi/vec4 3, 0, 8;
    %cmp/u;
    %jmp/1 T_2.3, 6;
    %dup/vec4;
    %pushi/vec4 4, 0, 8;
    %cmp/u;
    %jmp/1 T_2.4, 6;
    %dup/vec4;
    %pushi/vec4 5, 0, 8;
    %cmp/u;
    %jmp/1 T_2.5, 6;
    %dup/vec4;
    %pushi/vec4 6, 0, 8;
    %cmp/u;
    %jmp/1 T_2.6, 6;
    %dup/vec4;
    %pushi/vec4 7, 0, 8;
    %cmp/u;
    %jmp/1 T_2.7, 6;
    %dup/vec4;
    %pushi/vec4 8, 0, 8;
    %cmp/u;
    %jmp/1 T_2.8, 6;
    %dup/vec4;
    %pushi/vec4 9, 0, 8;
    %cmp/u;
    %jmp/1 T_2.9, 6;
    %dup/vec4;
    %pushi/vec4 10, 0, 8;
    %cmp/u;
    %jmp/1 T_2.10, 6;
    %dup/vec4;
    %pushi/vec4 11, 0, 8;
    %cmp/u;
    %jmp/1 T_2.11, 6;
    %dup/vec4;
    %pushi/vec4 12, 0, 8;
    %cmp/u;
    %jmp/1 T_2.12, 6;
    %dup/vec4;
    %pushi/vec4 13, 0, 8;
    %cmp/u;
    %jmp/1 T_2.13, 6;
    %dup/vec4;
    %pushi/vec4 14, 0, 8;
    %cmp/u;
    %jmp/1 T_2.14, 6;
    %dup/vec4;
    %pushi/vec4 15, 0, 8;
    %cmp/u;
    %jmp/1 T_2.15, 6;
    %dup/vec4;
    %pushi/vec4 16, 0, 8;
    %cmp/u;
    %jmp/1 T_2.16, 6;
    %dup/vec4;
    %pushi/vec4 17, 0, 8;
    %cmp/u;
    %jmp/1 T_2.17, 6;
    %dup/vec4;
    %pushi/vec4 18, 0, 8;
    %cmp/u;
    %jmp/1 T_2.18, 6;
    %dup/vec4;
    %pushi/vec4 19, 0, 8;
    %cmp/u;
    %jmp/1 T_2.19, 6;
    %dup/vec4;
    %pushi/vec4 20, 0, 8;
    %cmp/u;
    %jmp/1 T_2.20, 6;
    %dup/vec4;
    %pushi/vec4 21, 0, 8;
    %cmp/u;
    %jmp/1 T_2.21, 6;
    %dup/vec4;
    %pushi/vec4 22, 0, 8;
    %cmp/u;
    %jmp/1 T_2.22, 6;
    %dup/vec4;
    %pushi/vec4 23, 0, 8;
    %cmp/u;
    %jmp/1 T_2.23, 6;
    %dup/vec4;
    %pushi/vec4 24, 0, 8;
    %cmp/u;
    %jmp/1 T_2.24, 6;
    %dup/vec4;
    %pushi/vec4 25, 0, 8;
    %cmp/u;
    %jmp/1 T_2.25, 6;
    %dup/vec4;
    %pushi/vec4 26, 0, 8;
    %cmp/u;
    %jmp/1 T_2.26, 6;
    %dup/vec4;
    %pushi/vec4 27, 0, 8;
    %cmp/u;
    %jmp/1 T_2.27, 6;
    %dup/vec4;
    %pushi/vec4 28, 0, 8;
    %cmp/u;
    %jmp/1 T_2.28, 6;
    %dup/vec4;
    %pushi/vec4 29, 0, 8;
    %cmp/u;
    %jmp/1 T_2.29, 6;
    %dup/vec4;
    %pushi/vec4 30, 0, 8;
    %cmp/u;
    %jmp/1 T_2.30, 6;
    %dup/vec4;
    %pushi/vec4 31, 0, 8;
    %cmp/u;
    %jmp/1 T_2.31, 6;
    %dup/vec4;
    %pushi/vec4 32, 0, 8;
    %cmp/u;
    %jmp/1 T_2.32, 6;
    %dup/vec4;
    %pushi/vec4 33, 0, 8;
    %cmp/u;
    %jmp/1 T_2.33, 6;
    %dup/vec4;
    %pushi/vec4 34, 0, 8;
    %cmp/u;
    %jmp/1 T_2.34, 6;
    %dup/vec4;
    %pushi/vec4 35, 0, 8;
    %cmp/u;
    %jmp/1 T_2.35, 6;
    %dup/vec4;
    %pushi/vec4 36, 0, 8;
    %cmp/u;
    %jmp/1 T_2.36, 6;
    %dup/vec4;
    %pushi/vec4 37, 0, 8;
    %cmp/u;
    %jmp/1 T_2.37, 6;
    %dup/vec4;
    %pushi/vec4 38, 0, 8;
    %cmp/u;
    %jmp/1 T_2.38, 6;
    %dup/vec4;
    %pushi/vec4 39, 0, 8;
    %cmp/u;
    %jmp/1 T_2.39, 6;
    %dup/vec4;
    %pushi/vec4 40, 0, 8;
    %cmp/u;
    %jmp/1 T_2.40, 6;
    %dup/vec4;
    %pushi/vec4 41, 0, 8;
    %cmp/u;
    %jmp/1 T_2.41, 6;
    %dup/vec4;
    %pushi/vec4 42, 0, 8;
    %cmp/u;
    %jmp/1 T_2.42, 6;
    %dup/vec4;
    %pushi/vec4 43, 0, 8;
    %cmp/u;
    %jmp/1 T_2.43, 6;
    %dup/vec4;
    %pushi/vec4 44, 0, 8;
    %cmp/u;
    %jmp/1 T_2.44, 6;
    %dup/vec4;
    %pushi/vec4 45, 0, 8;
    %cmp/u;
    %jmp/1 T_2.45, 6;
    %dup/vec4;
    %pushi/vec4 46, 0, 8;
    %cmp/u;
    %jmp/1 T_2.46, 6;
    %dup/vec4;
    %pushi/vec4 47, 0, 8;
    %cmp/u;
    %jmp/1 T_2.47, 6;
    %dup/vec4;
    %pushi/vec4 48, 0, 8;
    %cmp/u;
    %jmp/1 T_2.48, 6;
    %dup/vec4;
    %pushi/vec4 49, 0, 8;
    %cmp/u;
    %jmp/1 T_2.49, 6;
    %dup/vec4;
    %pushi/vec4 50, 0, 8;
    %cmp/u;
    %jmp/1 T_2.50, 6;
    %dup/vec4;
    %pushi/vec4 51, 0, 8;
    %cmp/u;
    %jmp/1 T_2.51, 6;
    %dup/vec4;
    %pushi/vec4 52, 0, 8;
    %cmp/u;
    %jmp/1 T_2.52, 6;
    %dup/vec4;
    %pushi/vec4 53, 0, 8;
    %cmp/u;
    %jmp/1 T_2.53, 6;
    %dup/vec4;
    %pushi/vec4 54, 0, 8;
    %cmp/u;
    %jmp/1 T_2.54, 6;
    %dup/vec4;
    %pushi/vec4 55, 0, 8;
    %cmp/u;
    %jmp/1 T_2.55, 6;
    %dup/vec4;
    %pushi/vec4 56, 0, 8;
    %cmp/u;
    %jmp/1 T_2.56, 6;
    %dup/vec4;
    %pushi/vec4 57, 0, 8;
    %cmp/u;
    %jmp/1 T_2.57, 6;
    %dup/vec4;
    %pushi/vec4 58, 0, 8;
    %cmp/u;
    %jmp/1 T_2.58, 6;
    %dup/vec4;
    %pushi/vec4 59, 0, 8;
    %cmp/u;
    %jmp/1 T_2.59, 6;
    %dup/vec4;
    %pushi/vec4 60, 0, 8;
    %cmp/u;
    %jmp/1 T_2.60, 6;
    %dup/vec4;
    %pushi/vec4 61, 0, 8;
    %cmp/u;
    %jmp/1 T_2.61, 6;
    %dup/vec4;
    %pushi/vec4 62, 0, 8;
    %cmp/u;
    %jmp/1 T_2.62, 6;
    %dup/vec4;
    %pushi/vec4 63, 0, 8;
    %cmp/u;
    %jmp/1 T_2.63, 6;
    %dup/vec4;
    %pushi/vec4 64, 0, 8;
    %cmp/u;
    %jmp/1 T_2.64, 6;
    %dup/vec4;
    %pushi/vec4 65, 0, 8;
    %cmp/u;
    %jmp/1 T_2.65, 6;
    %dup/vec4;
    %pushi/vec4 66, 0, 8;
    %cmp/u;
    %jmp/1 T_2.66, 6;
    %dup/vec4;
    %pushi/vec4 67, 0, 8;
    %cmp/u;
    %jmp/1 T_2.67, 6;
    %dup/vec4;
    %pushi/vec4 68, 0, 8;
    %cmp/u;
    %jmp/1 T_2.68, 6;
    %dup/vec4;
    %pushi/vec4 69, 0, 8;
    %cmp/u;
    %jmp/1 T_2.69, 6;
    %dup/vec4;
    %pushi/vec4 70, 0, 8;
    %cmp/u;
    %jmp/1 T_2.70, 6;
    %dup/vec4;
    %pushi/vec4 71, 0, 8;
    %cmp/u;
    %jmp/1 T_2.71, 6;
    %dup/vec4;
    %pushi/vec4 72, 0, 8;
    %cmp/u;
    %jmp/1 T_2.72, 6;
    %dup/vec4;
    %pushi/vec4 73, 0, 8;
    %cmp/u;
    %jmp/1 T_2.73, 6;
    %dup/vec4;
    %pushi/vec4 74, 0, 8;
    %cmp/u;
    %jmp/1 T_2.74, 6;
    %dup/vec4;
    %pushi/vec4 75, 0, 8;
    %cmp/u;
    %jmp/1 T_2.75, 6;
    %dup/vec4;
    %pushi/vec4 76, 0, 8;
    %cmp/u;
    %jmp/1 T_2.76, 6;
    %dup/vec4;
    %pushi/vec4 77, 0, 8;
    %cmp/u;
    %jmp/1 T_2.77, 6;
    %dup/vec4;
    %pushi/vec4 78, 0, 8;
    %cmp/u;
    %jmp/1 T_2.78, 6;
    %dup/vec4;
    %pushi/vec4 79, 0, 8;
    %cmp/u;
    %jmp/1 T_2.79, 6;
    %dup/vec4;
    %pushi/vec4 80, 0, 8;
    %cmp/u;
    %jmp/1 T_2.80, 6;
    %dup/vec4;
    %pushi/vec4 81, 0, 8;
    %cmp/u;
    %jmp/1 T_2.81, 6;
    %dup/vec4;
    %pushi/vec4 82, 0, 8;
    %cmp/u;
    %jmp/1 T_2.82, 6;
    %dup/vec4;
    %pushi/vec4 83, 0, 8;
    %cmp/u;
    %jmp/1 T_2.83, 6;
    %dup/vec4;
    %pushi/vec4 84, 0, 8;
    %cmp/u;
    %jmp/1 T_2.84, 6;
    %dup/vec4;
    %pushi/vec4 85, 0, 8;
    %cmp/u;
    %jmp/1 T_2.85, 6;
    %dup/vec4;
    %pushi/vec4 86, 0, 8;
    %cmp/u;
    %jmp/1 T_2.86, 6;
    %dup/vec4;
    %pushi/vec4 87, 0, 8;
    %cmp/u;
    %jmp/1 T_2.87, 6;
    %dup/vec4;
    %pushi/vec4 88, 0, 8;
    %cmp/u;
    %jmp/1 T_2.88, 6;
    %dup/vec4;
    %pushi/vec4 89, 0, 8;
    %cmp/u;
    %jmp/1 T_2.89, 6;
    %dup/vec4;
    %pushi/vec4 90, 0, 8;
    %cmp/u;
    %jmp/1 T_2.90, 6;
    %dup/vec4;
    %pushi/vec4 91, 0, 8;
    %cmp/u;
    %jmp/1 T_2.91, 6;
    %dup/vec4;
    %pushi/vec4 92, 0, 8;
    %cmp/u;
    %jmp/1 T_2.92, 6;
    %dup/vec4;
    %pushi/vec4 93, 0, 8;
    %cmp/u;
    %jmp/1 T_2.93, 6;
    %dup/vec4;
    %pushi/vec4 94, 0, 8;
    %cmp/u;
    %jmp/1 T_2.94, 6;
    %dup/vec4;
    %pushi/vec4 95, 0, 8;
    %cmp/u;
    %jmp/1 T_2.95, 6;
    %dup/vec4;
    %pushi/vec4 96, 0, 8;
    %cmp/u;
    %jmp/1 T_2.96, 6;
    %dup/vec4;
    %pushi/vec4 97, 0, 8;
    %cmp/u;
    %jmp/1 T_2.97, 6;
    %dup/vec4;
    %pushi/vec4 98, 0, 8;
    %cmp/u;
    %jmp/1 T_2.98, 6;
    %dup/vec4;
    %pushi/vec4 99, 0, 8;
    %cmp/u;
    %jmp/1 T_2.99, 6;
    %dup/vec4;
    %pushi/vec4 100, 0, 8;
    %cmp/u;
    %jmp/1 T_2.100, 6;
    %dup/vec4;
    %pushi/vec4 101, 0, 8;
    %cmp/u;
    %jmp/1 T_2.101, 6;
    %dup/vec4;
    %pushi/vec4 102, 0, 8;
    %cmp/u;
    %jmp/1 T_2.102, 6;
    %dup/vec4;
    %pushi/vec4 103, 0, 8;
    %cmp/u;
    %jmp/1 T_2.103, 6;
    %dup/vec4;
    %pushi/vec4 104, 0, 8;
    %cmp/u;
    %jmp/1 T_2.104, 6;
    %dup/vec4;
    %pushi/vec4 105, 0, 8;
    %cmp/u;
    %jmp/1 T_2.105, 6;
    %dup/vec4;
    %pushi/vec4 106, 0, 8;
    %cmp/u;
    %jmp/1 T_2.106, 6;
    %dup/vec4;
    %pushi/vec4 107, 0, 8;
    %cmp/u;
    %jmp/1 T_2.107, 6;
    %dup/vec4;
    %pushi/vec4 108, 0, 8;
    %cmp/u;
    %jmp/1 T_2.108, 6;
    %dup/vec4;
    %pushi/vec4 109, 0, 8;
    %cmp/u;
    %jmp/1 T_2.109, 6;
    %dup/vec4;
    %pushi/vec4 110, 0, 8;
    %cmp/u;
    %jmp/1 T_2.110, 6;
    %dup/vec4;
    %pushi/vec4 111, 0, 8;
    %cmp/u;
    %jmp/1 T_2.111, 6;
    %dup/vec4;
    %pushi/vec4 112, 0, 8;
    %cmp/u;
    %jmp/1 T_2.112, 6;
    %dup/vec4;
    %pushi/vec4 113, 0, 8;
    %cmp/u;
    %jmp/1 T_2.113, 6;
    %dup/vec4;
    %pushi/vec4 114, 0, 8;
    %cmp/u;
    %jmp/1 T_2.114, 6;
    %dup/vec4;
    %pushi/vec4 115, 0, 8;
    %cmp/u;
    %jmp/1 T_2.115, 6;
    %dup/vec4;
    %pushi/vec4 116, 0, 8;
    %cmp/u;
    %jmp/1 T_2.116, 6;
    %dup/vec4;
    %pushi/vec4 117, 0, 8;
    %cmp/u;
    %jmp/1 T_2.117, 6;
    %dup/vec4;
    %pushi/vec4 118, 0, 8;
    %cmp/u;
    %jmp/1 T_2.118, 6;
    %dup/vec4;
    %pushi/vec4 119, 0, 8;
    %cmp/u;
    %jmp/1 T_2.119, 6;
    %dup/vec4;
    %pushi/vec4 120, 0, 8;
    %cmp/u;
    %jmp/1 T_2.120, 6;
    %dup/vec4;
    %pushi/vec4 121, 0, 8;
    %cmp/u;
    %jmp/1 T_2.121, 6;
    %dup/vec4;
    %pushi/vec4 122, 0, 8;
    %cmp/u;
    %jmp/1 T_2.122, 6;
    %dup/vec4;
    %pushi/vec4 123, 0, 8;
    %cmp/u;
    %jmp/1 T_2.123, 6;
    %dup/vec4;
    %pushi/vec4 124, 0, 8;
    %cmp/u;
    %jmp/1 T_2.124, 6;
    %dup/vec4;
    %pushi/vec4 125, 0, 8;
    %cmp/u;
    %jmp/1 T_2.125, 6;
    %dup/vec4;
    %pushi/vec4 126, 0, 8;
    %cmp/u;
    %jmp/1 T_2.126, 6;
    %dup/vec4;
    %pushi/vec4 127, 0, 8;
    %cmp/u;
    %jmp/1 T_2.127, 6;
    %dup/vec4;
    %pushi/vec4 128, 0, 8;
    %cmp/u;
    %jmp/1 T_2.128, 6;
    %dup/vec4;
    %pushi/vec4 129, 0, 8;
    %cmp/u;
    %jmp/1 T_2.129, 6;
    %dup/vec4;
    %pushi/vec4 130, 0, 8;
    %cmp/u;
    %jmp/1 T_2.130, 6;
    %dup/vec4;
    %pushi/vec4 131, 0, 8;
    %cmp/u;
    %jmp/1 T_2.131, 6;
    %dup/vec4;
    %pushi/vec4 132, 0, 8;
    %cmp/u;
    %jmp/1 T_2.132, 6;
    %dup/vec4;
    %pushi/vec4 133, 0, 8;
    %cmp/u;
    %jmp/1 T_2.133, 6;
    %dup/vec4;
    %pushi/vec4 134, 0, 8;
    %cmp/u;
    %jmp/1 T_2.134, 6;
    %dup/vec4;
    %pushi/vec4 135, 0, 8;
    %cmp/u;
    %jmp/1 T_2.135, 6;
    %dup/vec4;
    %pushi/vec4 136, 0, 8;
    %cmp/u;
    %jmp/1 T_2.136, 6;
    %dup/vec4;
    %pushi/vec4 137, 0, 8;
    %cmp/u;
    %jmp/1 T_2.137, 6;
    %dup/vec4;
    %pushi/vec4 138, 0, 8;
    %cmp/u;
    %jmp/1 T_2.138, 6;
    %dup/vec4;
    %pushi/vec4 139, 0, 8;
    %cmp/u;
    %jmp/1 T_2.139, 6;
    %dup/vec4;
    %pushi/vec4 140, 0, 8;
    %cmp/u;
    %jmp/1 T_2.140, 6;
    %dup/vec4;
    %pushi/vec4 141, 0, 8;
    %cmp/u;
    %jmp/1 T_2.141, 6;
    %dup/vec4;
    %pushi/vec4 142, 0, 8;
    %cmp/u;
    %jmp/1 T_2.142, 6;
    %dup/vec4;
    %pushi/vec4 143, 0, 8;
    %cmp/u;
    %jmp/1 T_2.143, 6;
    %dup/vec4;
    %pushi/vec4 144, 0, 8;
    %cmp/u;
    %jmp/1 T_2.144, 6;
    %dup/vec4;
    %pushi/vec4 145, 0, 8;
    %cmp/u;
    %jmp/1 T_2.145, 6;
    %dup/vec4;
    %pushi/vec4 146, 0, 8;
    %cmp/u;
    %jmp/1 T_2.146, 6;
    %dup/vec4;
    %pushi/vec4 147, 0, 8;
    %cmp/u;
    %jmp/1 T_2.147, 6;
    %dup/vec4;
    %pushi/vec4 148, 0, 8;
    %cmp/u;
    %jmp/1 T_2.148, 6;
    %dup/vec4;
    %pushi/vec4 149, 0, 8;
    %cmp/u;
    %jmp/1 T_2.149, 6;
    %dup/vec4;
    %pushi/vec4 150, 0, 8;
    %cmp/u;
    %jmp/1 T_2.150, 6;
    %dup/vec4;
    %pushi/vec4 151, 0, 8;
    %cmp/u;
    %jmp/1 T_2.151, 6;
    %dup/vec4;
    %pushi/vec4 152, 0, 8;
    %cmp/u;
    %jmp/1 T_2.152, 6;
    %dup/vec4;
    %pushi/vec4 153, 0, 8;
    %cmp/u;
    %jmp/1 T_2.153, 6;
    %dup/vec4;
    %pushi/vec4 154, 0, 8;
    %cmp/u;
    %jmp/1 T_2.154, 6;
    %dup/vec4;
    %pushi/vec4 155, 0, 8;
    %cmp/u;
    %jmp/1 T_2.155, 6;
    %dup/vec4;
    %pushi/vec4 156, 0, 8;
    %cmp/u;
    %jmp/1 T_2.156, 6;
    %dup/vec4;
    %pushi/vec4 157, 0, 8;
    %cmp/u;
    %jmp/1 T_2.157, 6;
    %dup/vec4;
    %pushi/vec4 158, 0, 8;
    %cmp/u;
    %jmp/1 T_2.158, 6;
    %dup/vec4;
    %pushi/vec4 159, 0, 8;
    %cmp/u;
    %jmp/1 T_2.159, 6;
    %dup/vec4;
    %pushi/vec4 160, 0, 8;
    %cmp/u;
    %jmp/1 T_2.160, 6;
    %dup/vec4;
    %pushi/vec4 161, 0, 8;
    %cmp/u;
    %jmp/1 T_2.161, 6;
    %dup/vec4;
    %pushi/vec4 162, 0, 8;
    %cmp/u;
    %jmp/1 T_2.162, 6;
    %dup/vec4;
    %pushi/vec4 163, 0, 8;
    %cmp/u;
    %jmp/1 T_2.163, 6;
    %dup/vec4;
    %pushi/vec4 164, 0, 8;
    %cmp/u;
    %jmp/1 T_2.164, 6;
    %dup/vec4;
    %pushi/vec4 165, 0, 8;
    %cmp/u;
    %jmp/1 T_2.165, 6;
    %dup/vec4;
    %pushi/vec4 166, 0, 8;
    %cmp/u;
    %jmp/1 T_2.166, 6;
    %dup/vec4;
    %pushi/vec4 167, 0, 8;
    %cmp/u;
    %jmp/1 T_2.167, 6;
    %dup/vec4;
    %pushi/vec4 168, 0, 8;
    %cmp/u;
    %jmp/1 T_2.168, 6;
    %dup/vec4;
    %pushi/vec4 169, 0, 8;
    %cmp/u;
    %jmp/1 T_2.169, 6;
    %dup/vec4;
    %pushi/vec4 170, 0, 8;
    %cmp/u;
    %jmp/1 T_2.170, 6;
    %dup/vec4;
    %pushi/vec4 171, 0, 8;
    %cmp/u;
    %jmp/1 T_2.171, 6;
    %dup/vec4;
    %pushi/vec4 172, 0, 8;
    %cmp/u;
    %jmp/1 T_2.172, 6;
    %dup/vec4;
    %pushi/vec4 173, 0, 8;
    %cmp/u;
    %jmp/1 T_2.173, 6;
    %dup/vec4;
    %pushi/vec4 174, 0, 8;
    %cmp/u;
    %jmp/1 T_2.174, 6;
    %dup/vec4;
    %pushi/vec4 175, 0, 8;
    %cmp/u;
    %jmp/1 T_2.175, 6;
    %dup/vec4;
    %pushi/vec4 176, 0, 8;
    %cmp/u;
    %jmp/1 T_2.176, 6;
    %dup/vec4;
    %pushi/vec4 177, 0, 8;
    %cmp/u;
    %jmp/1 T_2.177, 6;
    %dup/vec4;
    %pushi/vec4 178, 0, 8;
    %cmp/u;
    %jmp/1 T_2.178, 6;
    %dup/vec4;
    %pushi/vec4 179, 0, 8;
    %cmp/u;
    %jmp/1 T_2.179, 6;
    %dup/vec4;
    %pushi/vec4 180, 0, 8;
    %cmp/u;
    %jmp/1 T_2.180, 6;
    %dup/vec4;
    %pushi/vec4 181, 0, 8;
    %cmp/u;
    %jmp/1 T_2.181, 6;
    %dup/vec4;
    %pushi/vec4 182, 0, 8;
    %cmp/u;
    %jmp/1 T_2.182, 6;
    %dup/vec4;
    %pushi/vec4 183, 0, 8;
    %cmp/u;
    %jmp/1 T_2.183, 6;
    %dup/vec4;
    %pushi/vec4 184, 0, 8;
    %cmp/u;
    %jmp/1 T_2.184, 6;
    %dup/vec4;
    %pushi/vec4 185, 0, 8;
    %cmp/u;
    %jmp/1 T_2.185, 6;
    %dup/vec4;
    %pushi/vec4 186, 0, 8;
    %cmp/u;
    %jmp/1 T_2.186, 6;
    %dup/vec4;
    %pushi/vec4 187, 0, 8;
    %cmp/u;
    %jmp/1 T_2.187, 6;
    %dup/vec4;
    %pushi/vec4 188, 0, 8;
    %cmp/u;
    %jmp/1 T_2.188, 6;
    %dup/vec4;
    %pushi/vec4 189, 0, 8;
    %cmp/u;
    %jmp/1 T_2.189, 6;
    %dup/vec4;
    %pushi/vec4 190, 0, 8;
    %cmp/u;
    %jmp/1 T_2.190, 6;
    %dup/vec4;
    %pushi/vec4 191, 0, 8;
    %cmp/u;
    %jmp/1 T_2.191, 6;
    %dup/vec4;
    %pushi/vec4 192, 0, 8;
    %cmp/u;
    %jmp/1 T_2.192, 6;
    %dup/vec4;
    %pushi/vec4 193, 0, 8;
    %cmp/u;
    %jmp/1 T_2.193, 6;
    %dup/vec4;
    %pushi/vec4 194, 0, 8;
    %cmp/u;
    %jmp/1 T_2.194, 6;
    %dup/vec4;
    %pushi/vec4 195, 0, 8;
    %cmp/u;
    %jmp/1 T_2.195, 6;
    %dup/vec4;
    %pushi/vec4 196, 0, 8;
    %cmp/u;
    %jmp/1 T_2.196, 6;
    %dup/vec4;
    %pushi/vec4 197, 0, 8;
    %cmp/u;
    %jmp/1 T_2.197, 6;
    %dup/vec4;
    %pushi/vec4 198, 0, 8;
    %cmp/u;
    %jmp/1 T_2.198, 6;
    %dup/vec4;
    %pushi/vec4 199, 0, 8;
    %cmp/u;
    %jmp/1 T_2.199, 6;
    %dup/vec4;
    %pushi/vec4 200, 0, 8;
    %cmp/u;
    %jmp/1 T_2.200, 6;
    %dup/vec4;
    %pushi/vec4 201, 0, 8;
    %cmp/u;
    %jmp/1 T_2.201, 6;
    %dup/vec4;
    %pushi/vec4 202, 0, 8;
    %cmp/u;
    %jmp/1 T_2.202, 6;
    %dup/vec4;
    %pushi/vec4 203, 0, 8;
    %cmp/u;
    %jmp/1 T_2.203, 6;
    %dup/vec4;
    %pushi/vec4 204, 0, 8;
    %cmp/u;
    %jmp/1 T_2.204, 6;
    %dup/vec4;
    %pushi/vec4 205, 0, 8;
    %cmp/u;
    %jmp/1 T_2.205, 6;
    %dup/vec4;
    %pushi/vec4 206, 0, 8;
    %cmp/u;
    %jmp/1 T_2.206, 6;
    %dup/vec4;
    %pushi/vec4 207, 0, 8;
    %cmp/u;
    %jmp/1 T_2.207, 6;
    %dup/vec4;
    %pushi/vec4 208, 0, 8;
    %cmp/u;
    %jmp/1 T_2.208, 6;
    %dup/vec4;
    %pushi/vec4 209, 0, 8;
    %cmp/u;
    %jmp/1 T_2.209, 6;
    %dup/vec4;
    %pushi/vec4 210, 0, 8;
    %cmp/u;
    %jmp/1 T_2.210, 6;
    %dup/vec4;
    %pushi/vec4 211, 0, 8;
    %cmp/u;
    %jmp/1 T_2.211, 6;
    %dup/vec4;
    %pushi/vec4 212, 0, 8;
    %cmp/u;
    %jmp/1 T_2.212, 6;
    %dup/vec4;
    %pushi/vec4 213, 0, 8;
    %cmp/u;
    %jmp/1 T_2.213, 6;
    %dup/vec4;
    %pushi/vec4 214, 0, 8;
    %cmp/u;
    %jmp/1 T_2.214, 6;
    %dup/vec4;
    %pushi/vec4 215, 0, 8;
    %cmp/u;
    %jmp/1 T_2.215, 6;
    %dup/vec4;
    %pushi/vec4 216, 0, 8;
    %cmp/u;
    %jmp/1 T_2.216, 6;
    %dup/vec4;
    %pushi/vec4 217, 0, 8;
    %cmp/u;
    %jmp/1 T_2.217, 6;
    %dup/vec4;
    %pushi/vec4 218, 0, 8;
    %cmp/u;
    %jmp/1 T_2.218, 6;
    %dup/vec4;
    %pushi/vec4 219, 0, 8;
    %cmp/u;
    %jmp/1 T_2.219, 6;
    %dup/vec4;
    %pushi/vec4 220, 0, 8;
    %cmp/u;
    %jmp/1 T_2.220, 6;
    %dup/vec4;
    %pushi/vec4 221, 0, 8;
    %cmp/u;
    %jmp/1 T_2.221, 6;
    %dup/vec4;
    %pushi/vec4 222, 0, 8;
    %cmp/u;
    %jmp/1 T_2.222, 6;
    %dup/vec4;
    %pushi/vec4 223, 0, 8;
    %cmp/u;
    %jmp/1 T_2.223, 6;
    %dup/vec4;
    %pushi/vec4 224, 0, 8;
    %cmp/u;
    %jmp/1 T_2.224, 6;
    %dup/vec4;
    %pushi/vec4 225, 0, 8;
    %cmp/u;
    %jmp/1 T_2.225, 6;
    %dup/vec4;
    %pushi/vec4 226, 0, 8;
    %cmp/u;
    %jmp/1 T_2.226, 6;
    %dup/vec4;
    %pushi/vec4 227, 0, 8;
    %cmp/u;
    %jmp/1 T_2.227, 6;
    %dup/vec4;
    %pushi/vec4 228, 0, 8;
    %cmp/u;
    %jmp/1 T_2.228, 6;
    %dup/vec4;
    %pushi/vec4 229, 0, 8;
    %cmp/u;
    %jmp/1 T_2.229, 6;
    %dup/vec4;
    %pushi/vec4 230, 0, 8;
    %cmp/u;
    %jmp/1 T_2.230, 6;
    %dup/vec4;
    %pushi/vec4 231, 0, 8;
    %cmp/u;
    %jmp/1 T_2.231, 6;
    %dup/vec4;
    %pushi/vec4 232, 0, 8;
    %cmp/u;
    %jmp/1 T_2.232, 6;
    %dup/vec4;
    %pushi/vec4 233, 0, 8;
    %cmp/u;
    %jmp/1 T_2.233, 6;
    %dup/vec4;
    %pushi/vec4 234, 0, 8;
    %cmp/u;
    %jmp/1 T_2.234, 6;
    %dup/vec4;
    %pushi/vec4 235, 0, 8;
    %cmp/u;
    %jmp/1 T_2.235, 6;
    %dup/vec4;
    %pushi/vec4 236, 0, 8;
    %cmp/u;
    %jmp/1 T_2.236, 6;
    %dup/vec4;
    %pushi/vec4 237, 0, 8;
    %cmp/u;
    %jmp/1 T_2.237, 6;
    %dup/vec4;
    %pushi/vec4 238, 0, 8;
    %cmp/u;
    %jmp/1 T_2.238, 6;
    %dup/vec4;
    %pushi/vec4 239, 0, 8;
    %cmp/u;
    %jmp/1 T_2.239, 6;
    %dup/vec4;
    %pushi/vec4 240, 0, 8;
    %cmp/u;
    %jmp/1 T_2.240, 6;
    %dup/vec4;
    %pushi/vec4 241, 0, 8;
    %cmp/u;
    %jmp/1 T_2.241, 6;
    %dup/vec4;
    %pushi/vec4 242, 0, 8;
    %cmp/u;
    %jmp/1 T_2.242, 6;
    %dup/vec4;
    %pushi/vec4 243, 0, 8;
    %cmp/u;
    %jmp/1 T_2.243, 6;
    %dup/vec4;
    %pushi/vec4 244, 0, 8;
    %cmp/u;
    %jmp/1 T_2.244, 6;
    %dup/vec4;
    %pushi/vec4 245, 0, 8;
    %cmp/u;
    %jmp/1 T_2.245, 6;
    %dup/vec4;
    %pushi/vec4 246, 0, 8;
    %cmp/u;
    %jmp/1 T_2.246, 6;
    %dup/vec4;
    %pushi/vec4 247, 0, 8;
    %cmp/u;
    %jmp/1 T_2.247, 6;
    %dup/vec4;
    %pushi/vec4 248, 0, 8;
    %cmp/u;
    %jmp/1 T_2.248, 6;
    %dup/vec4;
    %pushi/vec4 249, 0, 8;
    %cmp/u;
    %jmp/1 T_2.249, 6;
    %dup/vec4;
    %pushi/vec4 250, 0, 8;
    %cmp/u;
    %jmp/1 T_2.250, 6;
    %dup/vec4;
    %pushi/vec4 251, 0, 8;
    %cmp/u;
    %jmp/1 T_2.251, 6;
    %dup/vec4;
    %pushi/vec4 252, 0, 8;
    %cmp/u;
    %jmp/1 T_2.252, 6;
    %dup/vec4;
    %pushi/vec4 253, 0, 8;
    %cmp/u;
    %jmp/1 T_2.253, 6;
    %dup/vec4;
    %pushi/vec4 254, 0, 8;
    %cmp/u;
    %jmp/1 T_2.254, 6;
    %dup/vec4;
    %pushi/vec4 255, 0, 8;
    %cmp/u;
    %jmp/1 T_2.255, 6;
    %jmp T_2.256;
T_2.0 ;
    %pushi/vec4 99, 0, 8;
    %ret/vec4 0, 0, 8;  Assign to aes_sbox (store_vec4_to_lval)
    %jmp T_2.256;
T_2.1 ;
    %pushi/vec4 124, 0, 8;
    %ret/vec4 0, 0, 8;  Assign to aes_sbox (store_vec4_to_lval)
    %jmp T_2.256;
T_2.2 ;
    %pushi/vec4 119, 0, 8;
    %ret/vec4 0, 0, 8;  Assign to aes_sbox (store_vec4_to_lval)
    %jmp T_2.256;
T_2.3 ;
    %pushi/vec4 123, 0, 8;
    %ret/vec4 0, 0, 8;  Assign to aes_sbox (store_vec4_to_lval)
    %jmp T_2.256;
T_2.4 ;
    %pushi/vec4 242, 0, 8;
    %ret/vec4 0, 0, 8;  Assign to aes_sbox (store_vec4_to_lval)
    %jmp T_2.256;
T_2.5 ;
    %pushi/vec4 107, 0, 8;
    %ret/vec4 0, 0, 8;  Assign to aes_sbox (store_vec4_to_lval)
    %jmp T_2.256;
T_2.6 ;
    %pushi/vec4 111, 0, 8;
    %ret/vec4 0, 0, 8;  Assign to aes_sbox (store_vec4_to_lval)
    %jmp T_2.256;
T_2.7 ;
    %pushi/vec4 197, 0, 8;
    %ret/vec4 0, 0, 8;  Assign to aes_sbox (store_vec4_to_lval)
    %jmp T_2.256;
T_2.8 ;
    %pushi/vec4 48, 0, 8;
    %ret/vec4 0, 0, 8;  Assign to aes_sbox (store_vec4_to_lval)
    %jmp T_2.256;
T_2.9 ;
    %pushi/vec4 1, 0, 8;
    %ret/vec4 0, 0, 8;  Assign to aes_sbox (store_vec4_to_lval)
    %jmp T_2.256;
T_2.10 ;
    %pushi/vec4 103, 0, 8;
    %ret/vec4 0, 0, 8;  Assign to aes_sbox (store_vec4_to_lval)
    %jmp T_2.256;
T_2.11 ;
    %pushi/vec4 43, 0, 8;
    %ret/vec4 0, 0, 8;  Assign to aes_sbox (store_vec4_to_lval)
    %jmp T_2.256;
T_2.12 ;
    %pushi/vec4 254, 0, 8;
    %ret/vec4 0, 0, 8;  Assign to aes_sbox (store_vec4_to_lval)
    %jmp T_2.256;
T_2.13 ;
    %pushi/vec4 215, 0, 8;
    %ret/vec4 0, 0, 8;  Assign to aes_sbox (store_vec4_to_lval)
    %jmp T_2.256;
T_2.14 ;
    %pushi/vec4 171, 0, 8;
    %ret/vec4 0, 0, 8;  Assign to aes_sbox (store_vec4_to_lval)
    %jmp T_2.256;
T_2.15 ;
    %pushi/vec4 118, 0, 8;
    %ret/vec4 0, 0, 8;  Assign to aes_sbox (store_vec4_to_lval)
    %jmp T_2.256;
T_2.16 ;
    %pushi/vec4 202, 0, 8;
    %ret/vec4 0, 0, 8;  Assign to aes_sbox (store_vec4_to_lval)
    %jmp T_2.256;
T_2.17 ;
    %pushi/vec4 130, 0, 8;
    %ret/vec4 0, 0, 8;  Assign to aes_sbox (store_vec4_to_lval)
    %jmp T_2.256;
T_2.18 ;
    %pushi/vec4 201, 0, 8;
    %ret/vec4 0, 0, 8;  Assign to aes_sbox (store_vec4_to_lval)
    %jmp T_2.256;
T_2.19 ;
    %pushi/vec4 125, 0, 8;
    %ret/vec4 0, 0, 8;  Assign to aes_sbox (store_vec4_to_lval)
    %jmp T_2.256;
T_2.20 ;
    %pushi/vec4 250, 0, 8;
    %ret/vec4 0, 0, 8;  Assign to aes_sbox (store_vec4_to_lval)
    %jmp T_2.256;
T_2.21 ;
    %pushi/vec4 89, 0, 8;
    %ret/vec4 0, 0, 8;  Assign to aes_sbox (store_vec4_to_lval)
    %jmp T_2.256;
T_2.22 ;
    %pushi/vec4 71, 0, 8;
    %ret/vec4 0, 0, 8;  Assign to aes_sbox (store_vec4_to_lval)
    %jmp T_2.256;
T_2.23 ;
    %pushi/vec4 240, 0, 8;
    %ret/vec4 0, 0, 8;  Assign to aes_sbox (store_vec4_to_lval)
    %jmp T_2.256;
T_2.24 ;
    %pushi/vec4 173, 0, 8;
    %ret/vec4 0, 0, 8;  Assign to aes_sbox (store_vec4_to_lval)
    %jmp T_2.256;
T_2.25 ;
    %pushi/vec4 212, 0, 8;
    %ret/vec4 0, 0, 8;  Assign to aes_sbox (store_vec4_to_lval)
    %jmp T_2.256;
T_2.26 ;
    %pushi/vec4 162, 0, 8;
    %ret/vec4 0, 0, 8;  Assign to aes_sbox (store_vec4_to_lval)
    %jmp T_2.256;
T_2.27 ;
    %pushi/vec4 175, 0, 8;
    %ret/vec4 0, 0, 8;  Assign to aes_sbox (store_vec4_to_lval)
    %jmp T_2.256;
T_2.28 ;
    %pushi/vec4 156, 0, 8;
    %ret/vec4 0, 0, 8;  Assign to aes_sbox (store_vec4_to_lval)
    %jmp T_2.256;
T_2.29 ;
    %pushi/vec4 164, 0, 8;
    %ret/vec4 0, 0, 8;  Assign to aes_sbox (store_vec4_to_lval)
    %jmp T_2.256;
T_2.30 ;
    %pushi/vec4 114, 0, 8;
    %ret/vec4 0, 0, 8;  Assign to aes_sbox (store_vec4_to_lval)
    %jmp T_2.256;
T_2.31 ;
    %pushi/vec4 192, 0, 8;
    %ret/vec4 0, 0, 8;  Assign to aes_sbox (store_vec4_to_lval)
    %jmp T_2.256;
T_2.32 ;
    %pushi/vec4 183, 0, 8;
    %ret/vec4 0, 0, 8;  Assign to aes_sbox (store_vec4_to_lval)
    %jmp T_2.256;
T_2.33 ;
    %pushi/vec4 253, 0, 8;
    %ret/vec4 0, 0, 8;  Assign to aes_sbox (store_vec4_to_lval)
    %jmp T_2.256;
T_2.34 ;
    %pushi/vec4 147, 0, 8;
    %ret/vec4 0, 0, 8;  Assign to aes_sbox (store_vec4_to_lval)
    %jmp T_2.256;
T_2.35 ;
    %pushi/vec4 38, 0, 8;
    %ret/vec4 0, 0, 8;  Assign to aes_sbox (store_vec4_to_lval)
    %jmp T_2.256;
T_2.36 ;
    %pushi/vec4 54, 0, 8;
    %ret/vec4 0, 0, 8;  Assign to aes_sbox (store_vec4_to_lval)
    %jmp T_2.256;
T_2.37 ;
    %pushi/vec4 63, 0, 8;
    %ret/vec4 0, 0, 8;  Assign to aes_sbox (store_vec4_to_lval)
    %jmp T_2.256;
T_2.38 ;
    %pushi/vec4 247, 0, 8;
    %ret/vec4 0, 0, 8;  Assign to aes_sbox (store_vec4_to_lval)
    %jmp T_2.256;
T_2.39 ;
    %pushi/vec4 204, 0, 8;
    %ret/vec4 0, 0, 8;  Assign to aes_sbox (store_vec4_to_lval)
    %jmp T_2.256;
T_2.40 ;
    %pushi/vec4 52, 0, 8;
    %ret/vec4 0, 0, 8;  Assign to aes_sbox (store_vec4_to_lval)
    %jmp T_2.256;
T_2.41 ;
    %pushi/vec4 165, 0, 8;
    %ret/vec4 0, 0, 8;  Assign to aes_sbox (store_vec4_to_lval)
    %jmp T_2.256;
T_2.42 ;
    %pushi/vec4 229, 0, 8;
    %ret/vec4 0, 0, 8;  Assign to aes_sbox (store_vec4_to_lval)
    %jmp T_2.256;
T_2.43 ;
    %pushi/vec4 241, 0, 8;
    %ret/vec4 0, 0, 8;  Assign to aes_sbox (store_vec4_to_lval)
    %jmp T_2.256;
T_2.44 ;
    %pushi/vec4 113, 0, 8;
    %ret/vec4 0, 0, 8;  Assign to aes_sbox (store_vec4_to_lval)
    %jmp T_2.256;
T_2.45 ;
    %pushi/vec4 216, 0, 8;
    %ret/vec4 0, 0, 8;  Assign to aes_sbox (store_vec4_to_lval)
    %jmp T_2.256;
T_2.46 ;
    %pushi/vec4 49, 0, 8;
    %ret/vec4 0, 0, 8;  Assign to aes_sbox (store_vec4_to_lval)
    %jmp T_2.256;
T_2.47 ;
    %pushi/vec4 21, 0, 8;
    %ret/vec4 0, 0, 8;  Assign to aes_sbox (store_vec4_to_lval)
    %jmp T_2.256;
T_2.48 ;
    %pushi/vec4 4, 0, 8;
    %ret/vec4 0, 0, 8;  Assign to aes_sbox (store_vec4_to_lval)
    %jmp T_2.256;
T_2.49 ;
    %pushi/vec4 199, 0, 8;
    %ret/vec4 0, 0, 8;  Assign to aes_sbox (store_vec4_to_lval)
    %jmp T_2.256;
T_2.50 ;
    %pushi/vec4 35, 0, 8;
    %ret/vec4 0, 0, 8;  Assign to aes_sbox (store_vec4_to_lval)
    %jmp T_2.256;
T_2.51 ;
    %pushi/vec4 195, 0, 8;
    %ret/vec4 0, 0, 8;  Assign to aes_sbox (store_vec4_to_lval)
    %jmp T_2.256;
T_2.52 ;
    %pushi/vec4 24, 0, 8;
    %ret/vec4 0, 0, 8;  Assign to aes_sbox (store_vec4_to_lval)
    %jmp T_2.256;
T_2.53 ;
    %pushi/vec4 150, 0, 8;
    %ret/vec4 0, 0, 8;  Assign to aes_sbox (store_vec4_to_lval)
    %jmp T_2.256;
T_2.54 ;
    %pushi/vec4 5, 0, 8;
    %ret/vec4 0, 0, 8;  Assign to aes_sbox (store_vec4_to_lval)
    %jmp T_2.256;
T_2.55 ;
    %pushi/vec4 154, 0, 8;
    %ret/vec4 0, 0, 8;  Assign to aes_sbox (store_vec4_to_lval)
    %jmp T_2.256;
T_2.56 ;
    %pushi/vec4 7, 0, 8;
    %ret/vec4 0, 0, 8;  Assign to aes_sbox (store_vec4_to_lval)
    %jmp T_2.256;
T_2.57 ;
    %pushi/vec4 18, 0, 8;
    %ret/vec4 0, 0, 8;  Assign to aes_sbox (store_vec4_to_lval)
    %jmp T_2.256;
T_2.58 ;
    %pushi/vec4 128, 0, 8;
    %ret/vec4 0, 0, 8;  Assign to aes_sbox (store_vec4_to_lval)
    %jmp T_2.256;
T_2.59 ;
    %pushi/vec4 226, 0, 8;
    %ret/vec4 0, 0, 8;  Assign to aes_sbox (store_vec4_to_lval)
    %jmp T_2.256;
T_2.60 ;
    %pushi/vec4 235, 0, 8;
    %ret/vec4 0, 0, 8;  Assign to aes_sbox (store_vec4_to_lval)
    %jmp T_2.256;
T_2.61 ;
    %pushi/vec4 39, 0, 8;
    %ret/vec4 0, 0, 8;  Assign to aes_sbox (store_vec4_to_lval)
    %jmp T_2.256;
T_2.62 ;
    %pushi/vec4 178, 0, 8;
    %ret/vec4 0, 0, 8;  Assign to aes_sbox (store_vec4_to_lval)
    %jmp T_2.256;
T_2.63 ;
    %pushi/vec4 117, 0, 8;
    %ret/vec4 0, 0, 8;  Assign to aes_sbox (store_vec4_to_lval)
    %jmp T_2.256;
T_2.64 ;
    %pushi/vec4 9, 0, 8;
    %ret/vec4 0, 0, 8;  Assign to aes_sbox (store_vec4_to_lval)
    %jmp T_2.256;
T_2.65 ;
    %pushi/vec4 131, 0, 8;
    %ret/vec4 0, 0, 8;  Assign to aes_sbox (store_vec4_to_lval)
    %jmp T_2.256;
T_2.66 ;
    %pushi/vec4 44, 0, 8;
    %ret/vec4 0, 0, 8;  Assign to aes_sbox (store_vec4_to_lval)
    %jmp T_2.256;
T_2.67 ;
    %pushi/vec4 26, 0, 8;
    %ret/vec4 0, 0, 8;  Assign to aes_sbox (store_vec4_to_lval)
    %jmp T_2.256;
T_2.68 ;
    %pushi/vec4 27, 0, 8;
    %ret/vec4 0, 0, 8;  Assign to aes_sbox (store_vec4_to_lval)
    %jmp T_2.256;
T_2.69 ;
    %pushi/vec4 110, 0, 8;
    %ret/vec4 0, 0, 8;  Assign to aes_sbox (store_vec4_to_lval)
    %jmp T_2.256;
T_2.70 ;
    %pushi/vec4 90, 0, 8;
    %ret/vec4 0, 0, 8;  Assign to aes_sbox (store_vec4_to_lval)
    %jmp T_2.256;
T_2.71 ;
    %pushi/vec4 160, 0, 8;
    %ret/vec4 0, 0, 8;  Assign to aes_sbox (store_vec4_to_lval)
    %jmp T_2.256;
T_2.72 ;
    %pushi/vec4 82, 0, 8;
    %ret/vec4 0, 0, 8;  Assign to aes_sbox (store_vec4_to_lval)
    %jmp T_2.256;
T_2.73 ;
    %pushi/vec4 59, 0, 8;
    %ret/vec4 0, 0, 8;  Assign to aes_sbox (store_vec4_to_lval)
    %jmp T_2.256;
T_2.74 ;
    %pushi/vec4 214, 0, 8;
    %ret/vec4 0, 0, 8;  Assign to aes_sbox (store_vec4_to_lval)
    %jmp T_2.256;
T_2.75 ;
    %pushi/vec4 179, 0, 8;
    %ret/vec4 0, 0, 8;  Assign to aes_sbox (store_vec4_to_lval)
    %jmp T_2.256;
T_2.76 ;
    %pushi/vec4 41, 0, 8;
    %ret/vec4 0, 0, 8;  Assign to aes_sbox (store_vec4_to_lval)
    %jmp T_2.256;
T_2.77 ;
    %pushi/vec4 227, 0, 8;
    %ret/vec4 0, 0, 8;  Assign to aes_sbox (store_vec4_to_lval)
    %jmp T_2.256;
T_2.78 ;
    %pushi/vec4 47, 0, 8;
    %ret/vec4 0, 0, 8;  Assign to aes_sbox (store_vec4_to_lval)
    %jmp T_2.256;
T_2.79 ;
    %pushi/vec4 132, 0, 8;
    %ret/vec4 0, 0, 8;  Assign to aes_sbox (store_vec4_to_lval)
    %jmp T_2.256;
T_2.80 ;
    %pushi/vec4 83, 0, 8;
    %ret/vec4 0, 0, 8;  Assign to aes_sbox (store_vec4_to_lval)
    %jmp T_2.256;
T_2.81 ;
    %pushi/vec4 209, 0, 8;
    %ret/vec4 0, 0, 8;  Assign to aes_sbox (store_vec4_to_lval)
    %jmp T_2.256;
T_2.82 ;
    %pushi/vec4 0, 0, 8;
    %ret/vec4 0, 0, 8;  Assign to aes_sbox (store_vec4_to_lval)
    %jmp T_2.256;
T_2.83 ;
    %pushi/vec4 237, 0, 8;
    %ret/vec4 0, 0, 8;  Assign to aes_sbox (store_vec4_to_lval)
    %jmp T_2.256;
T_2.84 ;
    %pushi/vec4 32, 0, 8;
    %ret/vec4 0, 0, 8;  Assign to aes_sbox (store_vec4_to_lval)
    %jmp T_2.256;
T_2.85 ;
    %pushi/vec4 252, 0, 8;
    %ret/vec4 0, 0, 8;  Assign to aes_sbox (store_vec4_to_lval)
    %jmp T_2.256;
T_2.86 ;
    %pushi/vec4 177, 0, 8;
    %ret/vec4 0, 0, 8;  Assign to aes_sbox (store_vec4_to_lval)
    %jmp T_2.256;
T_2.87 ;
    %pushi/vec4 91, 0, 8;
    %ret/vec4 0, 0, 8;  Assign to aes_sbox (store_vec4_to_lval)
    %jmp T_2.256;
T_2.88 ;
    %pushi/vec4 106, 0, 8;
    %ret/vec4 0, 0, 8;  Assign to aes_sbox (store_vec4_to_lval)
    %jmp T_2.256;
T_2.89 ;
    %pushi/vec4 203, 0, 8;
    %ret/vec4 0, 0, 8;  Assign to aes_sbox (store_vec4_to_lval)
    %jmp T_2.256;
T_2.90 ;
    %pushi/vec4 190, 0, 8;
    %ret/vec4 0, 0, 8;  Assign to aes_sbox (store_vec4_to_lval)
    %jmp T_2.256;
T_2.91 ;
    %pushi/vec4 57, 0, 8;
    %ret/vec4 0, 0, 8;  Assign to aes_sbox (store_vec4_to_lval)
    %jmp T_2.256;
T_2.92 ;
    %pushi/vec4 74, 0, 8;
    %ret/vec4 0, 0, 8;  Assign to aes_sbox (store_vec4_to_lval)
    %jmp T_2.256;
T_2.93 ;
    %pushi/vec4 76, 0, 8;
    %ret/vec4 0, 0, 8;  Assign to aes_sbox (store_vec4_to_lval)
    %jmp T_2.256;
T_2.94 ;
    %pushi/vec4 88, 0, 8;
    %ret/vec4 0, 0, 8;  Assign to aes_sbox (store_vec4_to_lval)
    %jmp T_2.256;
T_2.95 ;
    %pushi/vec4 207, 0, 8;
    %ret/vec4 0, 0, 8;  Assign to aes_sbox (store_vec4_to_lval)
    %jmp T_2.256;
T_2.96 ;
    %pushi/vec4 208, 0, 8;
    %ret/vec4 0, 0, 8;  Assign to aes_sbox (store_vec4_to_lval)
    %jmp T_2.256;
T_2.97 ;
    %pushi/vec4 239, 0, 8;
    %ret/vec4 0, 0, 8;  Assign to aes_sbox (store_vec4_to_lval)
    %jmp T_2.256;
T_2.98 ;
    %pushi/vec4 170, 0, 8;
    %ret/vec4 0, 0, 8;  Assign to aes_sbox (store_vec4_to_lval)
    %jmp T_2.256;
T_2.99 ;
    %pushi/vec4 251, 0, 8;
    %ret/vec4 0, 0, 8;  Assign to aes_sbox (store_vec4_to_lval)
    %jmp T_2.256;
T_2.100 ;
    %pushi/vec4 67, 0, 8;
    %ret/vec4 0, 0, 8;  Assign to aes_sbox (store_vec4_to_lval)
    %jmp T_2.256;
T_2.101 ;
    %pushi/vec4 77, 0, 8;
    %ret/vec4 0, 0, 8;  Assign to aes_sbox (store_vec4_to_lval)
    %jmp T_2.256;
T_2.102 ;
    %pushi/vec4 51, 0, 8;
    %ret/vec4 0, 0, 8;  Assign to aes_sbox (store_vec4_to_lval)
    %jmp T_2.256;
T_2.103 ;
    %pushi/vec4 133, 0, 8;
    %ret/vec4 0, 0, 8;  Assign to aes_sbox (store_vec4_to_lval)
    %jmp T_2.256;
T_2.104 ;
    %pushi/vec4 69, 0, 8;
    %ret/vec4 0, 0, 8;  Assign to aes_sbox (store_vec4_to_lval)
    %jmp T_2.256;
T_2.105 ;
    %pushi/vec4 249, 0, 8;
    %ret/vec4 0, 0, 8;  Assign to aes_sbox (store_vec4_to_lval)
    %jmp T_2.256;
T_2.106 ;
    %pushi/vec4 2, 0, 8;
    %ret/vec4 0, 0, 8;  Assign to aes_sbox (store_vec4_to_lval)
    %jmp T_2.256;
T_2.107 ;
    %pushi/vec4 127, 0, 8;
    %ret/vec4 0, 0, 8;  Assign to aes_sbox (store_vec4_to_lval)
    %jmp T_2.256;
T_2.108 ;
    %pushi/vec4 80, 0, 8;
    %ret/vec4 0, 0, 8;  Assign to aes_sbox (store_vec4_to_lval)
    %jmp T_2.256;
T_2.109 ;
    %pushi/vec4 60, 0, 8;
    %ret/vec4 0, 0, 8;  Assign to aes_sbox (store_vec4_to_lval)
    %jmp T_2.256;
T_2.110 ;
    %pushi/vec4 159, 0, 8;
    %ret/vec4 0, 0, 8;  Assign to aes_sbox (store_vec4_to_lval)
    %jmp T_2.256;
T_2.111 ;
    %pushi/vec4 168, 0, 8;
    %ret/vec4 0, 0, 8;  Assign to aes_sbox (store_vec4_to_lval)
    %jmp T_2.256;
T_2.112 ;
    %pushi/vec4 81, 0, 8;
    %ret/vec4 0, 0, 8;  Assign to aes_sbox (store_vec4_to_lval)
    %jmp T_2.256;
T_2.113 ;
    %pushi/vec4 163, 0, 8;
    %ret/vec4 0, 0, 8;  Assign to aes_sbox (store_vec4_to_lval)
    %jmp T_2.256;
T_2.114 ;
    %pushi/vec4 64, 0, 8;
    %ret/vec4 0, 0, 8;  Assign to aes_sbox (store_vec4_to_lval)
    %jmp T_2.256;
T_2.115 ;
    %pushi/vec4 143, 0, 8;
    %ret/vec4 0, 0, 8;  Assign to aes_sbox (store_vec4_to_lval)
    %jmp T_2.256;
T_2.116 ;
    %pushi/vec4 146, 0, 8;
    %ret/vec4 0, 0, 8;  Assign to aes_sbox (store_vec4_to_lval)
    %jmp T_2.256;
T_2.117 ;
    %pushi/vec4 157, 0, 8;
    %ret/vec4 0, 0, 8;  Assign to aes_sbox (store_vec4_to_lval)
    %jmp T_2.256;
T_2.118 ;
    %pushi/vec4 56, 0, 8;
    %ret/vec4 0, 0, 8;  Assign to aes_sbox (store_vec4_to_lval)
    %jmp T_2.256;
T_2.119 ;
    %pushi/vec4 245, 0, 8;
    %ret/vec4 0, 0, 8;  Assign to aes_sbox (store_vec4_to_lval)
    %jmp T_2.256;
T_2.120 ;
    %pushi/vec4 188, 0, 8;
    %ret/vec4 0, 0, 8;  Assign to aes_sbox (store_vec4_to_lval)
    %jmp T_2.256;
T_2.121 ;
    %pushi/vec4 182, 0, 8;
    %ret/vec4 0, 0, 8;  Assign to aes_sbox (store_vec4_to_lval)
    %jmp T_2.256;
T_2.122 ;
    %pushi/vec4 218, 0, 8;
    %ret/vec4 0, 0, 8;  Assign to aes_sbox (store_vec4_to_lval)
    %jmp T_2.256;
T_2.123 ;
    %pushi/vec4 33, 0, 8;
    %ret/vec4 0, 0, 8;  Assign to aes_sbox (store_vec4_to_lval)
    %jmp T_2.256;
T_2.124 ;
    %pushi/vec4 16, 0, 8;
    %ret/vec4 0, 0, 8;  Assign to aes_sbox (store_vec4_to_lval)
    %jmp T_2.256;
T_2.125 ;
    %pushi/vec4 255, 0, 8;
    %ret/vec4 0, 0, 8;  Assign to aes_sbox (store_vec4_to_lval)
    %jmp T_2.256;
T_2.126 ;
    %pushi/vec4 243, 0, 8;
    %ret/vec4 0, 0, 8;  Assign to aes_sbox (store_vec4_to_lval)
    %jmp T_2.256;
T_2.127 ;
    %pushi/vec4 210, 0, 8;
    %ret/vec4 0, 0, 8;  Assign to aes_sbox (store_vec4_to_lval)
    %jmp T_2.256;
T_2.128 ;
    %pushi/vec4 205, 0, 8;
    %ret/vec4 0, 0, 8;  Assign to aes_sbox (store_vec4_to_lval)
    %jmp T_2.256;
T_2.129 ;
    %pushi/vec4 12, 0, 8;
    %ret/vec4 0, 0, 8;  Assign to aes_sbox (store_vec4_to_lval)
    %jmp T_2.256;
T_2.130 ;
    %pushi/vec4 19, 0, 8;
    %ret/vec4 0, 0, 8;  Assign to aes_sbox (store_vec4_to_lval)
    %jmp T_2.256;
T_2.131 ;
    %pushi/vec4 236, 0, 8;
    %ret/vec4 0, 0, 8;  Assign to aes_sbox (store_vec4_to_lval)
    %jmp T_2.256;
T_2.132 ;
    %pushi/vec4 95, 0, 8;
    %ret/vec4 0, 0, 8;  Assign to aes_sbox (store_vec4_to_lval)
    %jmp T_2.256;
T_2.133 ;
    %pushi/vec4 151, 0, 8;
    %ret/vec4 0, 0, 8;  Assign to aes_sbox (store_vec4_to_lval)
    %jmp T_2.256;
T_2.134 ;
    %pushi/vec4 68, 0, 8;
    %ret/vec4 0, 0, 8;  Assign to aes_sbox (store_vec4_to_lval)
    %jmp T_2.256;
T_2.135 ;
    %pushi/vec4 23, 0, 8;
    %ret/vec4 0, 0, 8;  Assign to aes_sbox (store_vec4_to_lval)
    %jmp T_2.256;
T_2.136 ;
    %pushi/vec4 196, 0, 8;
    %ret/vec4 0, 0, 8;  Assign to aes_sbox (store_vec4_to_lval)
    %jmp T_2.256;
T_2.137 ;
    %pushi/vec4 167, 0, 8;
    %ret/vec4 0, 0, 8;  Assign to aes_sbox (store_vec4_to_lval)
    %jmp T_2.256;
T_2.138 ;
    %pushi/vec4 126, 0, 8;
    %ret/vec4 0, 0, 8;  Assign to aes_sbox (store_vec4_to_lval)
    %jmp T_2.256;
T_2.139 ;
    %pushi/vec4 61, 0, 8;
    %ret/vec4 0, 0, 8;  Assign to aes_sbox (store_vec4_to_lval)
    %jmp T_2.256;
T_2.140 ;
    %pushi/vec4 100, 0, 8;
    %ret/vec4 0, 0, 8;  Assign to aes_sbox (store_vec4_to_lval)
    %jmp T_2.256;
T_2.141 ;
    %pushi/vec4 93, 0, 8;
    %ret/vec4 0, 0, 8;  Assign to aes_sbox (store_vec4_to_lval)
    %jmp T_2.256;
T_2.142 ;
    %pushi/vec4 25, 0, 8;
    %ret/vec4 0, 0, 8;  Assign to aes_sbox (store_vec4_to_lval)
    %jmp T_2.256;
T_2.143 ;
    %pushi/vec4 115, 0, 8;
    %ret/vec4 0, 0, 8;  Assign to aes_sbox (store_vec4_to_lval)
    %jmp T_2.256;
T_2.144 ;
    %pushi/vec4 96, 0, 8;
    %ret/vec4 0, 0, 8;  Assign to aes_sbox (store_vec4_to_lval)
    %jmp T_2.256;
T_2.145 ;
    %pushi/vec4 129, 0, 8;
    %ret/vec4 0, 0, 8;  Assign to aes_sbox (store_vec4_to_lval)
    %jmp T_2.256;
T_2.146 ;
    %pushi/vec4 79, 0, 8;
    %ret/vec4 0, 0, 8;  Assign to aes_sbox (store_vec4_to_lval)
    %jmp T_2.256;
T_2.147 ;
    %pushi/vec4 220, 0, 8;
    %ret/vec4 0, 0, 8;  Assign to aes_sbox (store_vec4_to_lval)
    %jmp T_2.256;
T_2.148 ;
    %pushi/vec4 34, 0, 8;
    %ret/vec4 0, 0, 8;  Assign to aes_sbox (store_vec4_to_lval)
    %jmp T_2.256;
T_2.149 ;
    %pushi/vec4 42, 0, 8;
    %ret/vec4 0, 0, 8;  Assign to aes_sbox (store_vec4_to_lval)
    %jmp T_2.256;
T_2.150 ;
    %pushi/vec4 144, 0, 8;
    %ret/vec4 0, 0, 8;  Assign to aes_sbox (store_vec4_to_lval)
    %jmp T_2.256;
T_2.151 ;
    %pushi/vec4 136, 0, 8;
    %ret/vec4 0, 0, 8;  Assign to aes_sbox (store_vec4_to_lval)
    %jmp T_2.256;
T_2.152 ;
    %pushi/vec4 70, 0, 8;
    %ret/vec4 0, 0, 8;  Assign to aes_sbox (store_vec4_to_lval)
    %jmp T_2.256;
T_2.153 ;
    %pushi/vec4 238, 0, 8;
    %ret/vec4 0, 0, 8;  Assign to aes_sbox (store_vec4_to_lval)
    %jmp T_2.256;
T_2.154 ;
    %pushi/vec4 184, 0, 8;
    %ret/vec4 0, 0, 8;  Assign to aes_sbox (store_vec4_to_lval)
    %jmp T_2.256;
T_2.155 ;
    %pushi/vec4 20, 0, 8;
    %ret/vec4 0, 0, 8;  Assign to aes_sbox (store_vec4_to_lval)
    %jmp T_2.256;
T_2.156 ;
    %pushi/vec4 222, 0, 8;
    %ret/vec4 0, 0, 8;  Assign to aes_sbox (store_vec4_to_lval)
    %jmp T_2.256;
T_2.157 ;
    %pushi/vec4 94, 0, 8;
    %ret/vec4 0, 0, 8;  Assign to aes_sbox (store_vec4_to_lval)
    %jmp T_2.256;
T_2.158 ;
    %pushi/vec4 11, 0, 8;
    %ret/vec4 0, 0, 8;  Assign to aes_sbox (store_vec4_to_lval)
    %jmp T_2.256;
T_2.159 ;
    %pushi/vec4 219, 0, 8;
    %ret/vec4 0, 0, 8;  Assign to aes_sbox (store_vec4_to_lval)
    %jmp T_2.256;
T_2.160 ;
    %pushi/vec4 224, 0, 8;
    %ret/vec4 0, 0, 8;  Assign to aes_sbox (store_vec4_to_lval)
    %jmp T_2.256;
T_2.161 ;
    %pushi/vec4 50, 0, 8;
    %ret/vec4 0, 0, 8;  Assign to aes_sbox (store_vec4_to_lval)
    %jmp T_2.256;
T_2.162 ;
    %pushi/vec4 58, 0, 8;
    %ret/vec4 0, 0, 8;  Assign to aes_sbox (store_vec4_to_lval)
    %jmp T_2.256;
T_2.163 ;
    %pushi/vec4 10, 0, 8;
    %ret/vec4 0, 0, 8;  Assign to aes_sbox (store_vec4_to_lval)
    %jmp T_2.256;
T_2.164 ;
    %pushi/vec4 73, 0, 8;
    %ret/vec4 0, 0, 8;  Assign to aes_sbox (store_vec4_to_lval)
    %jmp T_2.256;
T_2.165 ;
    %pushi/vec4 6, 0, 8;
    %ret/vec4 0, 0, 8;  Assign to aes_sbox (store_vec4_to_lval)
    %jmp T_2.256;
T_2.166 ;
    %pushi/vec4 36, 0, 8;
    %ret/vec4 0, 0, 8;  Assign to aes_sbox (store_vec4_to_lval)
    %jmp T_2.256;
T_2.167 ;
    %pushi/vec4 92, 0, 8;
    %ret/vec4 0, 0, 8;  Assign to aes_sbox (store_vec4_to_lval)
    %jmp T_2.256;
T_2.168 ;
    %pushi/vec4 194, 0, 8;
    %ret/vec4 0, 0, 8;  Assign to aes_sbox (store_vec4_to_lval)
    %jmp T_2.256;
T_2.169 ;
    %pushi/vec4 211, 0, 8;
    %ret/vec4 0, 0, 8;  Assign to aes_sbox (store_vec4_to_lval)
    %jmp T_2.256;
T_2.170 ;
    %pushi/vec4 172, 0, 8;
    %ret/vec4 0, 0, 8;  Assign to aes_sbox (store_vec4_to_lval)
    %jmp T_2.256;
T_2.171 ;
    %pushi/vec4 98, 0, 8;
    %ret/vec4 0, 0, 8;  Assign to aes_sbox (store_vec4_to_lval)
    %jmp T_2.256;
T_2.172 ;
    %pushi/vec4 145, 0, 8;
    %ret/vec4 0, 0, 8;  Assign to aes_sbox (store_vec4_to_lval)
    %jmp T_2.256;
T_2.173 ;
    %pushi/vec4 149, 0, 8;
    %ret/vec4 0, 0, 8;  Assign to aes_sbox (store_vec4_to_lval)
    %jmp T_2.256;
T_2.174 ;
    %pushi/vec4 228, 0, 8;
    %ret/vec4 0, 0, 8;  Assign to aes_sbox (store_vec4_to_lval)
    %jmp T_2.256;
T_2.175 ;
    %pushi/vec4 121, 0, 8;
    %ret/vec4 0, 0, 8;  Assign to aes_sbox (store_vec4_to_lval)
    %jmp T_2.256;
T_2.176 ;
    %pushi/vec4 231, 0, 8;
    %ret/vec4 0, 0, 8;  Assign to aes_sbox (store_vec4_to_lval)
    %jmp T_2.256;
T_2.177 ;
    %pushi/vec4 200, 0, 8;
    %ret/vec4 0, 0, 8;  Assign to aes_sbox (store_vec4_to_lval)
    %jmp T_2.256;
T_2.178 ;
    %pushi/vec4 55, 0, 8;
    %ret/vec4 0, 0, 8;  Assign to aes_sbox (store_vec4_to_lval)
    %jmp T_2.256;
T_2.179 ;
    %pushi/vec4 109, 0, 8;
    %ret/vec4 0, 0, 8;  Assign to aes_sbox (store_vec4_to_lval)
    %jmp T_2.256;
T_2.180 ;
    %pushi/vec4 141, 0, 8;
    %ret/vec4 0, 0, 8;  Assign to aes_sbox (store_vec4_to_lval)
    %jmp T_2.256;
T_2.181 ;
    %pushi/vec4 213, 0, 8;
    %ret/vec4 0, 0, 8;  Assign to aes_sbox (store_vec4_to_lval)
    %jmp T_2.256;
T_2.182 ;
    %pushi/vec4 78, 0, 8;
    %ret/vec4 0, 0, 8;  Assign to aes_sbox (store_vec4_to_lval)
    %jmp T_2.256;
T_2.183 ;
    %pushi/vec4 169, 0, 8;
    %ret/vec4 0, 0, 8;  Assign to aes_sbox (store_vec4_to_lval)
    %jmp T_2.256;
T_2.184 ;
    %pushi/vec4 108, 0, 8;
    %ret/vec4 0, 0, 8;  Assign to aes_sbox (store_vec4_to_lval)
    %jmp T_2.256;
T_2.185 ;
    %pushi/vec4 86, 0, 8;
    %ret/vec4 0, 0, 8;  Assign to aes_sbox (store_vec4_to_lval)
    %jmp T_2.256;
T_2.186 ;
    %pushi/vec4 244, 0, 8;
    %ret/vec4 0, 0, 8;  Assign to aes_sbox (store_vec4_to_lval)
    %jmp T_2.256;
T_2.187 ;
    %pushi/vec4 234, 0, 8;
    %ret/vec4 0, 0, 8;  Assign to aes_sbox (store_vec4_to_lval)
    %jmp T_2.256;
T_2.188 ;
    %pushi/vec4 101, 0, 8;
    %ret/vec4 0, 0, 8;  Assign to aes_sbox (store_vec4_to_lval)
    %jmp T_2.256;
T_2.189 ;
    %pushi/vec4 122, 0, 8;
    %ret/vec4 0, 0, 8;  Assign to aes_sbox (store_vec4_to_lval)
    %jmp T_2.256;
T_2.190 ;
    %pushi/vec4 174, 0, 8;
    %ret/vec4 0, 0, 8;  Assign to aes_sbox (store_vec4_to_lval)
    %jmp T_2.256;
T_2.191 ;
    %pushi/vec4 8, 0, 8;
    %ret/vec4 0, 0, 8;  Assign to aes_sbox (store_vec4_to_lval)
    %jmp T_2.256;
T_2.192 ;
    %pushi/vec4 186, 0, 8;
    %ret/vec4 0, 0, 8;  Assign to aes_sbox (store_vec4_to_lval)
    %jmp T_2.256;
T_2.193 ;
    %pushi/vec4 120, 0, 8;
    %ret/vec4 0, 0, 8;  Assign to aes_sbox (store_vec4_to_lval)
    %jmp T_2.256;
T_2.194 ;
    %pushi/vec4 37, 0, 8;
    %ret/vec4 0, 0, 8;  Assign to aes_sbox (store_vec4_to_lval)
    %jmp T_2.256;
T_2.195 ;
    %pushi/vec4 46, 0, 8;
    %ret/vec4 0, 0, 8;  Assign to aes_sbox (store_vec4_to_lval)
    %jmp T_2.256;
T_2.196 ;
    %pushi/vec4 28, 0, 8;
    %ret/vec4 0, 0, 8;  Assign to aes_sbox (store_vec4_to_lval)
    %jmp T_2.256;
T_2.197 ;
    %pushi/vec4 166, 0, 8;
    %ret/vec4 0, 0, 8;  Assign to aes_sbox (store_vec4_to_lval)
    %jmp T_2.256;
T_2.198 ;
    %pushi/vec4 180, 0, 8;
    %ret/vec4 0, 0, 8;  Assign to aes_sbox (store_vec4_to_lval)
    %jmp T_2.256;
T_2.199 ;
    %pushi/vec4 198, 0, 8;
    %ret/vec4 0, 0, 8;  Assign to aes_sbox (store_vec4_to_lval)
    %jmp T_2.256;
T_2.200 ;
    %pushi/vec4 232, 0, 8;
    %ret/vec4 0, 0, 8;  Assign to aes_sbox (store_vec4_to_lval)
    %jmp T_2.256;
T_2.201 ;
    %pushi/vec4 221, 0, 8;
    %ret/vec4 0, 0, 8;  Assign to aes_sbox (store_vec4_to_lval)
    %jmp T_2.256;
T_2.202 ;
    %pushi/vec4 116, 0, 8;
    %ret/vec4 0, 0, 8;  Assign to aes_sbox (store_vec4_to_lval)
    %jmp T_2.256;
T_2.203 ;
    %pushi/vec4 31, 0, 8;
    %ret/vec4 0, 0, 8;  Assign to aes_sbox (store_vec4_to_lval)
    %jmp T_2.256;
T_2.204 ;
    %pushi/vec4 75, 0, 8;
    %ret/vec4 0, 0, 8;  Assign to aes_sbox (store_vec4_to_lval)
    %jmp T_2.256;
T_2.205 ;
    %pushi/vec4 189, 0, 8;
    %ret/vec4 0, 0, 8;  Assign to aes_sbox (store_vec4_to_lval)
    %jmp T_2.256;
T_2.206 ;
    %pushi/vec4 139, 0, 8;
    %ret/vec4 0, 0, 8;  Assign to aes_sbox (store_vec4_to_lval)
    %jmp T_2.256;
T_2.207 ;
    %pushi/vec4 138, 0, 8;
    %ret/vec4 0, 0, 8;  Assign to aes_sbox (store_vec4_to_lval)
    %jmp T_2.256;
T_2.208 ;
    %pushi/vec4 112, 0, 8;
    %ret/vec4 0, 0, 8;  Assign to aes_sbox (store_vec4_to_lval)
    %jmp T_2.256;
T_2.209 ;
    %pushi/vec4 62, 0, 8;
    %ret/vec4 0, 0, 8;  Assign to aes_sbox (store_vec4_to_lval)
    %jmp T_2.256;
T_2.210 ;
    %pushi/vec4 181, 0, 8;
    %ret/vec4 0, 0, 8;  Assign to aes_sbox (store_vec4_to_lval)
    %jmp T_2.256;
T_2.211 ;
    %pushi/vec4 102, 0, 8;
    %ret/vec4 0, 0, 8;  Assign to aes_sbox (store_vec4_to_lval)
    %jmp T_2.256;
T_2.212 ;
    %pushi/vec4 72, 0, 8;
    %ret/vec4 0, 0, 8;  Assign to aes_sbox (store_vec4_to_lval)
    %jmp T_2.256;
T_2.213 ;
    %pushi/vec4 3, 0, 8;
    %ret/vec4 0, 0, 8;  Assign to aes_sbox (store_vec4_to_lval)
    %jmp T_2.256;
T_2.214 ;
    %pushi/vec4 246, 0, 8;
    %ret/vec4 0, 0, 8;  Assign to aes_sbox (store_vec4_to_lval)
    %jmp T_2.256;
T_2.215 ;
    %pushi/vec4 14, 0, 8;
    %ret/vec4 0, 0, 8;  Assign to aes_sbox (store_vec4_to_lval)
    %jmp T_2.256;
T_2.216 ;
    %pushi/vec4 97, 0, 8;
    %ret/vec4 0, 0, 8;  Assign to aes_sbox (store_vec4_to_lval)
    %jmp T_2.256;
T_2.217 ;
    %pushi/vec4 53, 0, 8;
    %ret/vec4 0, 0, 8;  Assign to aes_sbox (store_vec4_to_lval)
    %jmp T_2.256;
T_2.218 ;
    %pushi/vec4 87, 0, 8;
    %ret/vec4 0, 0, 8;  Assign to aes_sbox (store_vec4_to_lval)
    %jmp T_2.256;
T_2.219 ;
    %pushi/vec4 185, 0, 8;
    %ret/vec4 0, 0, 8;  Assign to aes_sbox (store_vec4_to_lval)
    %jmp T_2.256;
T_2.220 ;
    %pushi/vec4 134, 0, 8;
    %ret/vec4 0, 0, 8;  Assign to aes_sbox (store_vec4_to_lval)
    %jmp T_2.256;
T_2.221 ;
    %pushi/vec4 193, 0, 8;
    %ret/vec4 0, 0, 8;  Assign to aes_sbox (store_vec4_to_lval)
    %jmp T_2.256;
T_2.222 ;
    %pushi/vec4 29, 0, 8;
    %ret/vec4 0, 0, 8;  Assign to aes_sbox (store_vec4_to_lval)
    %jmp T_2.256;
T_2.223 ;
    %pushi/vec4 158, 0, 8;
    %ret/vec4 0, 0, 8;  Assign to aes_sbox (store_vec4_to_lval)
    %jmp T_2.256;
T_2.224 ;
    %pushi/vec4 225, 0, 8;
    %ret/vec4 0, 0, 8;  Assign to aes_sbox (store_vec4_to_lval)
    %jmp T_2.256;
T_2.225 ;
    %pushi/vec4 248, 0, 8;
    %ret/vec4 0, 0, 8;  Assign to aes_sbox (store_vec4_to_lval)
    %jmp T_2.256;
T_2.226 ;
    %pushi/vec4 152, 0, 8;
    %ret/vec4 0, 0, 8;  Assign to aes_sbox (store_vec4_to_lval)
    %jmp T_2.256;
T_2.227 ;
    %pushi/vec4 17, 0, 8;
    %ret/vec4 0, 0, 8;  Assign to aes_sbox (store_vec4_to_lval)
    %jmp T_2.256;
T_2.228 ;
    %pushi/vec4 105, 0, 8;
    %ret/vec4 0, 0, 8;  Assign to aes_sbox (store_vec4_to_lval)
    %jmp T_2.256;
T_2.229 ;
    %pushi/vec4 217, 0, 8;
    %ret/vec4 0, 0, 8;  Assign to aes_sbox (store_vec4_to_lval)
    %jmp T_2.256;
T_2.230 ;
    %pushi/vec4 142, 0, 8;
    %ret/vec4 0, 0, 8;  Assign to aes_sbox (store_vec4_to_lval)
    %jmp T_2.256;
T_2.231 ;
    %pushi/vec4 148, 0, 8;
    %ret/vec4 0, 0, 8;  Assign to aes_sbox (store_vec4_to_lval)
    %jmp T_2.256;
T_2.232 ;
    %pushi/vec4 155, 0, 8;
    %ret/vec4 0, 0, 8;  Assign to aes_sbox (store_vec4_to_lval)
    %jmp T_2.256;
T_2.233 ;
    %pushi/vec4 30, 0, 8;
    %ret/vec4 0, 0, 8;  Assign to aes_sbox (store_vec4_to_lval)
    %jmp T_2.256;
T_2.234 ;
    %pushi/vec4 135, 0, 8;
    %ret/vec4 0, 0, 8;  Assign to aes_sbox (store_vec4_to_lval)
    %jmp T_2.256;
T_2.235 ;
    %pushi/vec4 233, 0, 8;
    %ret/vec4 0, 0, 8;  Assign to aes_sbox (store_vec4_to_lval)
    %jmp T_2.256;
T_2.236 ;
    %pushi/vec4 206, 0, 8;
    %ret/vec4 0, 0, 8;  Assign to aes_sbox (store_vec4_to_lval)
    %jmp T_2.256;
T_2.237 ;
    %pushi/vec4 85, 0, 8;
    %ret/vec4 0, 0, 8;  Assign to aes_sbox (store_vec4_to_lval)
    %jmp T_2.256;
T_2.238 ;
    %pushi/vec4 40, 0, 8;
    %ret/vec4 0, 0, 8;  Assign to aes_sbox (store_vec4_to_lval)
    %jmp T_2.256;
T_2.239 ;
    %pushi/vec4 223, 0, 8;
    %ret/vec4 0, 0, 8;  Assign to aes_sbox (store_vec4_to_lval)
    %jmp T_2.256;
T_2.240 ;
    %pushi/vec4 140, 0, 8;
    %ret/vec4 0, 0, 8;  Assign to aes_sbox (store_vec4_to_lval)
    %jmp T_2.256;
T_2.241 ;
    %pushi/vec4 161, 0, 8;
    %ret/vec4 0, 0, 8;  Assign to aes_sbox (store_vec4_to_lval)
    %jmp T_2.256;
T_2.242 ;
    %pushi/vec4 137, 0, 8;
    %ret/vec4 0, 0, 8;  Assign to aes_sbox (store_vec4_to_lval)
    %jmp T_2.256;
T_2.243 ;
    %pushi/vec4 13, 0, 8;
    %ret/vec4 0, 0, 8;  Assign to aes_sbox (store_vec4_to_lval)
    %jmp T_2.256;
T_2.244 ;
    %pushi/vec4 191, 0, 8;
    %ret/vec4 0, 0, 8;  Assign to aes_sbox (store_vec4_to_lval)
    %jmp T_2.256;
T_2.245 ;
    %pushi/vec4 230, 0, 8;
    %ret/vec4 0, 0, 8;  Assign to aes_sbox (store_vec4_to_lval)
    %jmp T_2.256;
T_2.246 ;
    %pushi/vec4 66, 0, 8;
    %ret/vec4 0, 0, 8;  Assign to aes_sbox (store_vec4_to_lval)
    %jmp T_2.256;
T_2.247 ;
    %pushi/vec4 104, 0, 8;
    %ret/vec4 0, 0, 8;  Assign to aes_sbox (store_vec4_to_lval)
    %jmp T_2.256;
T_2.248 ;
    %pushi/vec4 65, 0, 8;
    %ret/vec4 0, 0, 8;  Assign to aes_sbox (store_vec4_to_lval)
    %jmp T_2.256;
T_2.249 ;
    %pushi/vec4 153, 0, 8;
    %ret/vec4 0, 0, 8;  Assign to aes_sbox (store_vec4_to_lval)
    %jmp T_2.256;
T_2.250 ;
    %pushi/vec4 45, 0, 8;
    %ret/vec4 0, 0, 8;  Assign to aes_sbox (store_vec4_to_lval)
    %jmp T_2.256;
T_2.251 ;
    %pushi/vec4 15, 0, 8;
    %ret/vec4 0, 0, 8;  Assign to aes_sbox (store_vec4_to_lval)
    %jmp T_2.256;
T_2.252 ;
    %pushi/vec4 176, 0, 8;
    %ret/vec4 0, 0, 8;  Assign to aes_sbox (store_vec4_to_lval)
    %jmp T_2.256;
T_2.253 ;
    %pushi/vec4 84, 0, 8;
    %ret/vec4 0, 0, 8;  Assign to aes_sbox (store_vec4_to_lval)
    %jmp T_2.256;
T_2.254 ;
    %pushi/vec4 187, 0, 8;
    %ret/vec4 0, 0, 8;  Assign to aes_sbox (store_vec4_to_lval)
    %jmp T_2.256;
T_2.255 ;
    %pushi/vec4 22, 0, 8;
    %ret/vec4 0, 0, 8;  Assign to aes_sbox (store_vec4_to_lval)
    %jmp T_2.256;
T_2.256 ;
    %pop/vec4 1;
    %end;
S_000001fc4060e400 .scope task, "reset_round_keys" "reset_round_keys" 5 101, 5 101 0, S_000001fc4060dfd0;
 .timescale 0 0;
TD_aes_engine_tb.i_uut.key_gen_module.reset_round_keys ;
    %fork t_1, S_000001fc4060e590;
    %jmp t_0;
    .scope S_000001fc4060e590;
t_1 ;
    %pushi/vec4 0, 0, 32;
    %store/vec4 v000001fc4060d650_0, 0, 32;
T_3.257 ;
    %load/vec4 v000001fc4060d650_0;
    %cmpi/s 11, 0, 32;
    %jmp/0xz T_3.258, 5;
    %pushi/vec4 0, 0, 128;
    %ix/getv/s 4, v000001fc4060d650_0;
    %store/vec4a v000001fc409950b0, 4, 0;
    %load/vec4 v000001fc4060d650_0;
    %addi 1, 0, 32;
    %store/vec4 v000001fc4060d650_0, 0, 32;
    %jmp T_3.257;
T_3.258 ;
    %pushi/vec4 0, 0, 1;
    %store/vec4 v000001fc40995150_0, 0, 1;
    %end;
    .scope S_000001fc4060e400;
t_0 %join;
    %end;
S_000001fc4060e590 .scope begin, "rst_keys" "rst_keys" 5 102, 5 102 0, S_000001fc4060e400;
 .timescale 0 0;
v000001fc4060d650_0 .var/i "i", 31 0;
S_000001fc4060e720 .scope function.vec4.s32, "rotword" "rotword" 5 132, 5 132 0, S_000001fc4060dfd0;
 .timescale 0 0;
; Variable rotword is vec4 return value of scope S_000001fc4060e720
v000001fc40995010_0 .var "word", 31 0;
TD_aes_engine_tb.i_uut.key_gen_module.rotword ;
    %load/vec4 v000001fc40994c50_0;
    %parti/s 24, 0, 2;
    %load/vec4 v000001fc40994c50_0;
    %parti/s 8, 24, 6;
    %concat/vec4; draw_concat_vec4
    %ret/vec4 0, 0, 32;  Assign to rotword (store_vec4_to_lval)
    %end;
S_000001fc4060e8b0 .scope function.vec4.s32, "round_constant" "round_constant" 5 112, 5 112 0, S_000001fc4060dfd0;
 .timescale 0 0;
v000001fc409947f0_0 .var/i "round", 31 0;
; Variable round_constant is vec4 return value of scope S_000001fc4060e8b0
TD_aes_engine_tb.i_uut.key_gen_module.round_constant ;
    %load/vec4 v000001fc409947f0_0;
    %dup/vec4;
    %pushi/vec4 1, 0, 32;
    %cmp/u;
    %jmp/1 T_5.259, 6;
    %dup/vec4;
    %pushi/vec4 2, 0, 32;
    %cmp/u;
    %jmp/1 T_5.260, 6;
    %dup/vec4;
    %pushi/vec4 3, 0, 32;
    %cmp/u;
    %jmp/1 T_5.261, 6;
    %dup/vec4;
    %pushi/vec4 4, 0, 32;
    %cmp/u;
    %jmp/1 T_5.262, 6;
    %dup/vec4;
    %pushi/vec4 5, 0, 32;
    %cmp/u;
    %jmp/1 T_5.263, 6;
    %dup/vec4;
    %pushi/vec4 6, 0, 32;
    %cmp/u;
    %jmp/1 T_5.264, 6;
    %dup/vec4;
    %pushi/vec4 7, 0, 32;
    %cmp/u;
    %jmp/1 T_5.265, 6;
    %dup/vec4;
    %pushi/vec4 8, 0, 32;
    %cmp/u;
    %jmp/1 T_5.266, 6;
    %dup/vec4;
    %pushi/vec4 9, 0, 32;
    %cmp/u;
    %jmp/1 T_5.267, 6;
    %dup/vec4;
    %pushi/vec4 10, 0, 32;
    %cmp/u;
    %jmp/1 T_5.268, 6;
    %pushi/vec4 0, 0, 32;
    %ret/vec4 0, 0, 32;  Assign to round_constant (store_vec4_to_lval)
    %jmp T_5.270;
T_5.259 ;
    %pushi/vec4 16777216, 0, 32;
    %ret/vec4 0, 0, 32;  Assign to round_constant (store_vec4_to_lval)
    %jmp T_5.270;
T_5.260 ;
    %pushi/vec4 33554432, 0, 32;
    %ret/vec4 0, 0, 32;  Assign to round_constant (store_vec4_to_lval)
    %jmp T_5.270;
T_5.261 ;
    %pushi/vec4 67108864, 0, 32;
    %ret/vec4 0, 0, 32;  Assign to round_constant (store_vec4_to_lval)
    %jmp T_5.270;
T_5.262 ;
    %pushi/vec4 134217728, 0, 32;
    %ret/vec4 0, 0, 32;  Assign to round_constant (store_vec4_to_lval)
    %jmp T_5.270;
T_5.263 ;
    %pushi/vec4 268435456, 0, 32;
    %ret/vec4 0, 0, 32;  Assign to round_constant (store_vec4_to_lval)
    %jmp T_5.270;
T_5.264 ;
    %pushi/vec4 536870912, 0, 32;
    %ret/vec4 0, 0, 32;  Assign to round_constant (store_vec4_to_lval)
    %jmp T_5.270;
T_5.265 ;
    %pushi/vec4 1073741824, 0, 32;
    %ret/vec4 0, 0, 32;  Assign to round_constant (store_vec4_to_lval)
    %jmp T_5.270;
T_5.266 ;
    %pushi/vec4 2147483648, 0, 32;
    %ret/vec4 0, 0, 32;  Assign to round_constant (store_vec4_to_lval)
    %jmp T_5.270;
T_5.267 ;
    %pushi/vec4 452984832, 0, 32;
    %ret/vec4 0, 0, 32;  Assign to round_constant (store_vec4_to_lval)
    %jmp T_5.270;
T_5.268 ;
    %pushi/vec4 905969664, 0, 32;
    %ret/vec4 0, 0, 32;  Assign to round_constant (store_vec4_to_lval)
    %jmp T_5.270;
T_5.270 ;
    %pop/vec4 1;
    %end;
S_000001fc4060ea40 .scope function.vec4.s32, "subword" "subword" 5 140, 5 140 0, S_000001fc4060dfd0;
 .timescale 0 0;
; Variable subword is vec4 return value of scope S_000001fc4060ea40
v000001fc40995fb0_0 .var "word", 31 0;
TD_aes_engine_tb.i_uut.key_gen_module.subword ;
    %load/vec4 v000001fc40995fb0_0;
    %parti/s 8, 24, 6;
    %store/vec4 v000001fc4060d290_0, 0, 8;
    %callf/vec4 TD_aes_engine_tb.i_uut.key_gen_module.aes_sbox, S_000001fc4060e270;
    %load/vec4 v000001fc40995fb0_0;
    %parti/s 8, 16, 6;
    %store/vec4 v000001fc4060d290_0, 0, 8;
    %callf/vec4 TD_aes_engine_tb.i_uut.key_gen_module.aes_sbox, S_000001fc4060e270;
    %concat/vec4; draw_concat_vec4
    %load/vec4 v000001fc40995fb0_0;
    %parti/s 8, 8, 5;
    %store/vec4 v000001fc4060d290_0, 0, 8;
    %callf/vec4 TD_aes_engine_tb.i_uut.key_gen_module.aes_sbox, S_000001fc4060e270;
    %concat/vec4; draw_concat_vec4
    %load/vec4 v000001fc40995fb0_0;
    %parti/s 8, 0, 2;
    %store/vec4 v000001fc4060d290_0, 0, 8;
    %callf/vec4 TD_aes_engine_tb.i_uut.key_gen_module.aes_sbox, S_000001fc4060e270;
    %concat/vec4; draw_concat_vec4
    %ret/vec4 0, 0, 32;  Assign to subword (store_vec4_to_lval)
    %end;
    .scope S_000001fc405b6190;
T_7 ;
    %pushi/vec4 0, 0, 2;
    %store/vec4 v000001fc4060dc90_0, 0, 2;
    %end;
    .thread T_7;
    .scope S_000001fc405b6190;
T_8 ;
    %pushi/vec4 4027431614, 0, 32;
    %concati/vec4 4027431614, 0, 32;
    %concati/vec4 4027431614, 0, 32;
    %concati/vec4 4027431614, 0, 32;
    %store/vec4 v000001fc4060dab0_0, 0, 128;
    %end;
    .thread T_8;
    .scope S_000001fc405b6190;
T_9 ;
    %pushi/vec4 4027431614, 0, 32;
    %concati/vec4 4027431614, 0, 32;
    %concati/vec4 4027431614, 0, 32;
    %concati/vec4 4027431614, 0, 32;
    %store/vec4 v000001fc4060df10_0, 0, 128;
    %end;
    .thread T_9;
    .scope S_000001fc405b6190;
T_10 ;
    %pushi/vec4 0, 0, 4;
    %store/vec4 v000001fc4060d010_0, 0, 4;
    %end;
    .thread T_10;
    .scope S_000001fc405b6190;
T_11 ;
    %pushi/vec4 0, 0, 4;
    %store/vec4 v000001fc4060ddd0_0, 0, 4;
    %end;
    .thread T_11;
    .scope S_000001fc405b6190;
T_12 ;
    %wait E_000001fc405e8ed0;
    %load/vec4 v000001fc4060d970_0;
    %assign/vec4 v000001fc4060dc90_0, 0;
    %jmp T_12;
    .thread T_12;
    .scope S_000001fc405b6190;
T_13 ;
    %wait E_000001fc405e8b50;
    %fork t_3, S_000001fc405b6410;
    %jmp t_2;
    .scope S_000001fc405b6410;
t_3 ;
    %load/vec4 v000001fc4060d5b0_0;
    %nor/r;
    %flag_set/vec4 8;
    %jmp/0xz  T_13.0, 8;
    %fork TD_aes_engine_tb.i_uut.input_module.resetplain, S_000001fc405b0860;
    %join;
    %fork TD_aes_engine_tb.i_uut.input_module.resetkey, S_000001fc405b06d0;
    %join;
    %pushi/vec4 0, 0, 2;
    %store/vec4 v000001fc4060d970_0, 0, 2;
    %jmp T_13.1;
T_13.0 ;
    %load/vec4 v000001fc4060db50_0;
    %dup/vec4;
    %pushi/vec4 1, 0, 2;
    %cmp/u;
    %jmp/1 T_13.2, 6;
    %dup/vec4;
    %pushi/vec4 2, 0, 2;
    %cmp/u;
    %jmp/1 T_13.3, 6;
    %dup/vec4;
    %pushi/vec4 3, 0, 2;
    %cmp/u;
    %jmp/1 T_13.4, 6;
    %pushi/vec4 0, 0, 2;
    %store/vec4 v000001fc4060d970_0, 0, 2;
    %jmp T_13.6;
T_13.2 ;
    %load/vec4 v000001fc4060dc90_0;
    %cmpi/ne 1, 0, 2;
    %jmp/0xz  T_13.7, 4;
    %fork TD_aes_engine_tb.i_uut.input_module.resetplain, S_000001fc405b0860;
    %join;
    %jmp T_13.8;
T_13.7 ;
    %load/vec4 v000001fc4060d010_0;
    %addi 1, 0, 4;
    %assign/vec4 v000001fc4060d010_0, 0;
T_13.8 ;
    %load/vec4 v000001fc4060d010_0;
    %cmpi/e 15, 0, 4;
    %jmp/0xz  T_13.9, 4;
    %pushi/vec4 0, 0, 2;
    %store/vec4 v000001fc4060d970_0, 0, 2;
    %jmp T_13.10;
T_13.9 ;
    %load/vec4 v000001fc4060dab0_0;
    %parti/s 120, 0, 2;
    %load/vec4 v000001fc4060d150_0;
    %concat/vec4; draw_concat_vec4
    %store/vec4 v000001fc4060dab0_0, 0, 128;
    %pushi/vec4 1, 0, 2;
    %store/vec4 v000001fc4060d970_0, 0, 2;
T_13.10 ;
    %jmp T_13.6;
T_13.3 ;
    %load/vec4 v000001fc4060dc90_0;
    %cmpi/ne 2, 0, 2;
    %jmp/0xz  T_13.11, 4;
    %fork TD_aes_engine_tb.i_uut.input_module.resetkey, S_000001fc405b06d0;
    %join;
    %jmp T_13.12;
T_13.11 ;
    %load/vec4 v000001fc4060ddd0_0;
    %addi 1, 0, 4;
    %assign/vec4 v000001fc4060ddd0_0, 0;
T_13.12 ;
    %load/vec4 v000001fc4060ddd0_0;
    %cmpi/e 15, 0, 4;
    %jmp/0xz  T_13.13, 4;
    %pushi/vec4 0, 0, 2;
    %store/vec4 v000001fc4060d970_0, 0, 2;
    %jmp T_13.14;
T_13.13 ;
    %load/vec4 v000001fc4060df10_0;
    %parti/s 120, 0, 2;
    %load/vec4 v000001fc4060d150_0;
    %concat/vec4; draw_concat_vec4
    %store/vec4 v000001fc4060df10_0, 0, 128;
    %pushi/vec4 2, 0, 2;
    %store/vec4 v000001fc4060d970_0, 0, 2;
T_13.14 ;
    %jmp T_13.6;
T_13.4 ;
    %load/vec4 v000001fc4060d010_0;
    %cmpi/e 15, 0, 4;
    %flag_get/vec4 4;
    %jmp/0 T_13.17, 4;
    %load/vec4 v000001fc4060ddd0_0;
    %pushi/vec4 15, 0, 4;
    %cmp/e;
    %flag_get/vec4 4;
    %and;
T_13.17;
    %flag_set/vec4 8;
    %jmp/0xz  T_13.15, 8;
    %pushi/vec4 3, 0, 2;
    %store/vec4 v000001fc4060d970_0, 0, 2;
T_13.15 ;
    %load/vec4 v000001fc4060da10_0;
    %flag_set/vec4 8;
    %jmp/0xz  T_13.18, 8;
    %pushi/vec4 0, 0, 4;
    %store/vec4 v000001fc4060d010_0, 0, 4;
    %pushi/vec4 0, 0, 4;
    %store/vec4 v000001fc4060ddd0_0, 0, 4;
    %fork TD_aes_engine_tb.i_uut.input_module.resetplain, S_000001fc405b0860;
    %join;
    %fork TD_aes_engine_tb.i_uut.input_module.resetkey, S_000001fc405b06d0;
    %join;
    %pushi/vec4 0, 0, 2;
    %store/vec4 v000001fc4060d970_0, 0, 2;
    %jmp T_13.19;
T_13.18 ;
    %pushi/vec4 3, 0, 2;
    %store/vec4 v000001fc4060d970_0, 0, 2;
T_13.19 ;
    %jmp T_13.6;
T_13.6 ;
    %pop/vec4 1;
T_13.1 ;
    %end;
    .scope S_000001fc405b6190;
t_2 %join;
    %jmp T_13;
    .thread T_13;
    .scope S_000001fc4060dfd0;
T_14 ;
    %pushi/vec4 0, 0, 1;
    %store/vec4 v000001fc40995150_0, 0, 1;
    %end;
    .thread T_14;
    .scope S_000001fc4060dfd0;
T_15 ;
    %wait E_000001fc405e90d0;
    %fork TD_aes_engine_tb.i_uut.key_gen_module.reset_round_keys, S_000001fc4060e400;
    %join;
    %jmp T_15;
    .thread T_15;
    .scope S_000001fc4060dfd0;
T_16 ;
    %wait E_000001fc405e8bd0;
    %load/vec4 v000001fc40994110_0;
    %parti/s 32, 96, 8;
    %ix/load 4, 0, 0;
    %flag_set/imm 4, 0;
    %store/vec4a v000001fc40994430, 4, 0;
    %load/vec4 v000001fc40994110_0;
    %parti/s 32, 64, 8;
    %ix/load 4, 1, 0;
    %flag_set/imm 4, 0;
    %store/vec4a v000001fc40994430, 4, 0;
    %load/vec4 v000001fc40994110_0;
    %parti/s 32, 32, 7;
    %ix/load 4, 2, 0;
    %flag_set/imm 4, 0;
    %store/vec4a v000001fc40994430, 4, 0;
    %load/vec4 v000001fc40994110_0;
    %parti/s 32, 0, 2;
    %ix/load 4, 3, 0;
    %flag_set/imm 4, 0;
    %store/vec4a v000001fc40994430, 4, 0;
    %load/vec4 v000001fc40994110_0;
    %ix/load 4, 0, 0;
    %flag_set/imm 4, 0;
    %store/vec4a v000001fc409950b0, 4, 0;
    %pushi/vec4 4, 0, 32;
    %store/vec4 v000001fc409951f0_0, 0, 32;
T_16.0 ;
    %load/vec4 v000001fc409951f0_0;
    %cmpi/s 44, 0, 32;
    %jmp/0xz T_16.1, 5;
    %load/vec4 v000001fc409951f0_0;
    %subi 1, 0, 32;
    %ix/vec4/s 4;
    %load/vec4a v000001fc40994430, 4;
    %store/vec4 v000001fc40994c50_0, 0, 32;
    %load/vec4 v000001fc409951f0_0;
    %pushi/vec4 4, 0, 32;
    %mod/s;
    %cmpi/e 0, 0, 32;
    %jmp/0xz  T_16.2, 4;
    %load/vec4 v000001fc40994c50_0;
    %store/vec4 v000001fc40995010_0, 0, 32;
    %callf/vec4 TD_aes_engine_tb.i_uut.key_gen_module.rotword, S_000001fc4060e720;
    %store/vec4 v000001fc40995fb0_0, 0, 32;
    %callf/vec4 TD_aes_engine_tb.i_uut.key_gen_module.subword, S_000001fc4060ea40;
    %load/vec4 v000001fc409951f0_0;
    %pushi/vec4 4, 0, 32;
    %div/s;
    %store/vec4 v000001fc409947f0_0, 0, 32;
    %callf/vec4 TD_aes_engine_tb.i_uut.key_gen_module.round_constant, S_000001fc4060e8b0;
    %xor;
    %store/vec4 v000001fc40994c50_0, 0, 32;
T_16.2 ;
    %load/vec4 v000001fc409951f0_0;
    %subi 4, 0, 32;
    %ix/vec4/s 4;
    %load/vec4a v000001fc40994430, 4;
    %load/vec4 v000001fc40994c50_0;
    %xor;
    %ix/getv/s 4, v000001fc409951f0_0;
    %store/vec4a v000001fc40994430, 4, 0;
    %load/vec4 v000001fc409951f0_0;
    %pushi/vec4 4, 0, 32;
    %mod/s;
    %cmpi/e 3, 0, 32;
    %jmp/0xz  T_16.4, 4;
    %load/vec4 v000001fc409951f0_0;
    %pushi/vec4 4, 0, 32;
    %div/s;
    %vpi_call 5 82 "$write", "Round %0d Key:", S<0,vec4,s32> {1 0 0};
    %vpi_call 5 83 "$display", "\000" {0 0 0};
    %load/vec4 v000001fc409951f0_0;
    %pushi/vec4 4, 0, 32;
    %div/s;
    %muli 4, 0, 32;
    %ix/vec4/s 4;
    %load/vec4a v000001fc40994430, 4;
    %parti/s 8, 24, 6;
    %load/vec4 v000001fc409951f0_0;
    %pushi/vec4 4, 0, 32;
    %div/s;
    %muli 4, 0, 32;
    %addi 1, 0, 32;
    %ix/vec4/s 4;
    %load/vec4a v000001fc40994430, 4;
    %parti/s 8, 24, 6;
    %load/vec4 v000001fc409951f0_0;
    %pushi/vec4 4, 0, 32;
    %div/s;
    %muli 4, 0, 32;
    %addi 2, 0, 32;
    %ix/vec4/s 4;
    %load/vec4a v000001fc40994430, 4;
    %parti/s 8, 24, 6;
    %load/vec4 v000001fc409951f0_0;
    %pushi/vec4 4, 0, 32;
    %div/s;
    %muli 4, 0, 32;
    %addi 3, 0, 32;
    %ix/vec4/s 4;
    %load/vec4a v000001fc40994430, 4;
    %parti/s 8, 24, 6;
    %vpi_call 5 84 "$write", "%02X %02X %02X %02X\012", S<3,vec4,u8>, S<2,vec4,u8>, S<1,vec4,u8>, S<0,vec4,u8> {4 0 0};
    %load/vec4 v000001fc409951f0_0;
    %pushi/vec4 4, 0, 32;
    %div/s;
    %muli 4, 0, 32;
    %ix/vec4/s 4;
    %load/vec4a v000001fc40994430, 4;
    %parti/s 8, 16, 6;
    %load/vec4 v000001fc409951f0_0;
    %pushi/vec4 4, 0, 32;
    %div/s;
    %muli 4, 0, 32;
    %addi 1, 0, 32;
    %ix/vec4/s 4;
    %load/vec4a v000001fc40994430, 4;
    %parti/s 8, 16, 6;
    %load/vec4 v000001fc409951f0_0;
    %pushi/vec4 4, 0, 32;
    %div/s;
    %muli 4, 0, 32;
    %addi 2, 0, 32;
    %ix/vec4/s 4;
    %load/vec4a v000001fc40994430, 4;
    %parti/s 8, 16, 6;
    %load/vec4 v000001fc409951f0_0;
    %pushi/vec4 4, 0, 32;
    %div/s;
    %muli 4, 0, 32;
    %addi 3, 0, 32;
    %ix/vec4/s 4;
    %load/vec4a v000001fc40994430, 4;
    %parti/s 8, 16, 6;
    %vpi_call 5 85 "$write", "%02X %02X %02X %02X\012", S<3,vec4,u8>, S<2,vec4,u8>, S<1,vec4,u8>, S<0,vec4,u8> {4 0 0};
    %load/vec4 v000001fc409951f0_0;
    %pushi/vec4 4, 0, 32;
    %div/s;
    %muli 4, 0, 32;
    %ix/vec4/s 4;
    %load/vec4a v000001fc40994430, 4;
    %parti/s 8, 8, 5;
    %load/vec4 v000001fc409951f0_0;
    %pushi/vec4 4, 0, 32;
    %div/s;
    %muli 4, 0, 32;
    %addi 1, 0, 32;
    %ix/vec4/s 4;
    %load/vec4a v000001fc40994430, 4;
    %parti/s 8, 8, 5;
    %load/vec4 v000001fc409951f0_0;
    %pushi/vec4 4, 0, 32;
    %div/s;
    %muli 4, 0, 32;
    %addi 2, 0, 32;
    %ix/vec4/s 4;
    %load/vec4a v000001fc40994430, 4;
    %parti/s 8, 8, 5;
    %load/vec4 v000001fc409951f0_0;
    %pushi/vec4 4, 0, 32;
    %div/s;
    %muli 4, 0, 32;
    %addi 3, 0, 32;
    %ix/vec4/s 4;
    %load/vec4a v000001fc40994430, 4;
    %parti/s 8, 8, 5;
    %vpi_call 5 86 "$write", "%02X %02X %02X %02X\012", S<3,vec4,u8>, S<2,vec4,u8>, S<1,vec4,u8>, S<0,vec4,u8> {4 0 0};
    %load/vec4 v000001fc409951f0_0;
    %pushi/vec4 4, 0, 32;
    %div/s;
    %muli 4, 0, 32;
    %ix/vec4/s 4;
    %load/vec4a v000001fc40994430, 4;
    %parti/s 8, 0, 2;
    %load/vec4 v000001fc409951f0_0;
    %pushi/vec4 4, 0, 32;
    %div/s;
    %muli 4, 0, 32;
    %addi 1, 0, 32;
    %ix/vec4/s 4;
    %load/vec4a v000001fc40994430, 4;
    %parti/s 8, 0, 2;
    %load/vec4 v000001fc409951f0_0;
    %pushi/vec4 4, 0, 32;
    %div/s;
    %muli 4, 0, 32;
    %addi 2, 0, 32;
    %ix/vec4/s 4;
    %load/vec4a v000001fc40994430, 4;
    %parti/s 8, 0, 2;
    %load/vec4 v000001fc409951f0_0;
    %pushi/vec4 4, 0, 32;
    %div/s;
    %muli 4, 0, 32;
    %addi 3, 0, 32;
    %ix/vec4/s 4;
    %load/vec4a v000001fc40994430, 4;
    %parti/s 8, 0, 2;
    %vpi_call 5 87 "$write", "%02X %02X %02X %02X\012", S<3,vec4,u8>, S<2,vec4,u8>, S<1,vec4,u8>, S<0,vec4,u8> {4 0 0};
    %load/vec4 v000001fc409951f0_0;
    %subi 3, 0, 32;
    %ix/vec4/s 4;
    %load/vec4a v000001fc40994430, 4;
    %load/vec4 v000001fc409951f0_0;
    %subi 2, 0, 32;
    %ix/vec4/s 4;
    %load/vec4a v000001fc40994430, 4;
    %concat/vec4; draw_concat_vec4
    %load/vec4 v000001fc409951f0_0;
    %subi 1, 0, 32;
    %ix/vec4/s 4;
    %load/vec4a v000001fc40994430, 4;
    %concat/vec4; draw_concat_vec4
    %ix/getv/s 4, v000001fc409951f0_0;
    %load/vec4a v000001fc40994430, 4;
    %concat/vec4; draw_concat_vec4
    %load/vec4 v000001fc409951f0_0;
    %pushi/vec4 4, 0, 32;
    %div/s;
    %ix/vec4/s 4;
    %store/vec4a v000001fc409950b0, 4, 0;
T_16.4 ;
    %load/vec4 v000001fc409951f0_0;
    %addi 1, 0, 32;
    %store/vec4 v000001fc409951f0_0, 0, 32;
    %jmp T_16.0;
T_16.1 ;
    %pushi/vec4 1, 0, 1;
    %store/vec4 v000001fc40995150_0, 0, 1;
    %jmp T_16;
    .thread T_16;
    .scope S_000001fc405618c0;
T_17 ;
    %vpi_call 3 28 "$dumpfile", "simulation/aes_engine.vcd" {0 0 0};
    %vpi_call 3 29 "$dumpvars", 32'sb00000000000000000000000000000000, S_000001fc405618c0 {0 0 0};
    %end;
    .thread T_17;
    .scope S_000001fc40561640;
T_18 ;
    %pushi/vec4 0, 0, 1;
    %store/vec4 v000001fc40994bb0_0, 0, 1;
    %pushi/vec4 0, 0, 1;
    %store/vec4 v000001fc40998850_0, 0, 1;
    %pushi/vec4 0, 0, 8;
    %store/vec4 v000001fc40995f10_0, 0, 8;
    %pushi/vec4 0, 0, 2;
    %store/vec4 v000001fc40995e70_0, 0, 2;
    %end;
    .thread T_18;
    .scope S_000001fc40561640;
T_19 ;
    %load/vec4 v000001fc40994bb0_0;
    %inv;
    %store/vec4 v000001fc40995d30_0, 0, 1;
    %pushi/vec4 1, 0, 64;
    %ix/vec4 4;
    %delayx 4;
    %load/vec4 v000001fc40995d30_0;
    %store/vec4 v000001fc40994bb0_0, 0, 1;
    %jmp T_19;
    .thread T_19;
    .scope S_000001fc40561640;
T_20 ;
    %pushi/vec4 0, 0, 1;
    %store/vec4 v000001fc40998850_0, 0, 1;
    %delay 2, 0;
    %pushi/vec4 1, 0, 1;
    %store/vec4 v000001fc40998850_0, 0, 1;
    %delay 2, 0;
    %pushi/vec4 1, 0, 2;
    %store/vec4 v000001fc40995e70_0, 0, 2;
    %pushi/vec4 0, 0, 8;
    %store/vec4 v000001fc40995f10_0, 0, 8;
    %delay 2, 0;
    %pushi/vec4 4, 0, 8;
    %store/vec4 v000001fc40995f10_0, 0, 8;
    %delay 2, 0;
    %pushi/vec4 18, 0, 8;
    %store/vec4 v000001fc40995f10_0, 0, 8;
    %delay 2, 0;
    %pushi/vec4 20, 0, 8;
    %store/vec4 v000001fc40995f10_0, 0, 8;
    %delay 2, 0;
    %pushi/vec4 18, 0, 8;
    %store/vec4 v000001fc40995f10_0, 0, 8;
    %delay 2, 0;
    %pushi/vec4 4, 0, 8;
    %store/vec4 v000001fc40995f10_0, 0, 8;
    %delay 2, 0;
    %pushi/vec4 18, 0, 8;
    %store/vec4 v000001fc40995f10_0, 0, 8;
    %delay 2, 0;
    %pushi/vec4 0, 0, 8;
    %store/vec4 v000001fc40995f10_0, 0, 8;
    %delay 2, 0;
    %pushi/vec4 12, 0, 8;
    %store/vec4 v000001fc40995f10_0, 0, 8;
    %delay 2, 0;
    %pushi/vec4 0, 0, 8;
    %store/vec4 v000001fc40995f10_0, 0, 8;
    %delay 2, 0;
    %pushi/vec4 19, 0, 8;
    %store/vec4 v000001fc40995f10_0, 0, 8;
    %delay 2, 0;
    %pushi/vec4 17, 0, 8;
    %store/vec4 v000001fc40995f10_0, 0, 8;
    %delay 2, 0;
    %pushi/vec4 8, 0, 8;
    %store/vec4 v000001fc40995f10_0, 0, 8;
    %delay 2, 0;
    %pushi/vec4 35, 0, 8;
    %store/vec4 v000001fc40995f10_0, 0, 8;
    %delay 2, 0;
    %pushi/vec4 25, 0, 8;
    %store/vec4 v000001fc40995f10_0, 0, 8;
    %delay 2, 0;
    %pushi/vec4 25, 0, 8;
    %store/vec4 v000001fc40995f10_0, 0, 8;
    %delay 2, 0;
    %pushi/vec4 0, 0, 2;
    %store/vec4 v000001fc40995e70_0, 0, 2;
    %delay 2, 0;
    %pushi/vec4 2, 0, 2;
    %store/vec4 v000001fc40995e70_0, 0, 2;
    %pushi/vec4 36, 0, 8;
    %store/vec4 v000001fc40995f10_0, 0, 8;
    %delay 2, 0;
    %pushi/vec4 117, 0, 8;
    %store/vec4 v000001fc40995f10_0, 0, 8;
    %delay 2, 0;
    %pushi/vec4 162, 0, 8;
    %store/vec4 v000001fc40995f10_0, 0, 8;
    %delay 2, 0;
    %pushi/vec4 179, 0, 8;
    %store/vec4 v000001fc40995f10_0, 0, 8;
    %delay 2, 0;
    %pushi/vec4 52, 0, 8;
    %store/vec4 v000001fc40995f10_0, 0, 8;
    %delay 2, 0;
    %pushi/vec4 117, 0, 8;
    %store/vec4 v000001fc40995f10_0, 0, 8;
    %delay 2, 0;
    %pushi/vec4 86, 0, 8;
    %store/vec4 v000001fc40995f10_0, 0, 8;
    %delay 2, 0;
    %pushi/vec4 136, 0, 8;
    %store/vec4 v000001fc40995f10_0, 0, 8;
    %delay 2, 0;
    %pushi/vec4 49, 0, 8;
    %store/vec4 v000001fc40995f10_0, 0, 8;
    %delay 2, 0;
    %pushi/vec4 226, 0, 8;
    %store/vec4 v000001fc40995f10_0, 0, 8;
    %delay 2, 0;
    %pushi/vec4 18, 0, 8;
    %store/vec4 v000001fc40995f10_0, 0, 8;
    %delay 2, 0;
    %pushi/vec4 0, 0, 8;
    %store/vec4 v000001fc40995f10_0, 0, 8;
    %delay 2, 0;
    %pushi/vec4 19, 0, 8;
    %store/vec4 v000001fc40995f10_0, 0, 8;
    %delay 2, 0;
    %pushi/vec4 170, 0, 8;
    %store/vec4 v000001fc40995f10_0, 0, 8;
    %delay 2, 0;
    %pushi/vec4 84, 0, 8;
    %store/vec4 v000001fc40995f10_0, 0, 8;
    %delay 2, 0;
    %pushi/vec4 135, 0, 8;
    %store/vec4 v000001fc40995f10_0, 0, 8;
    %delay 2, 0;
    %pushi/vec4 0, 0, 2;
    %store/vec4 v000001fc40995e70_0, 0, 2;
    %delay 2, 0;
    %pushi/vec4 3, 0, 2;
    %store/vec4 v000001fc40995e70_0, 0, 2;
    %delay 2, 0;
    %delay 2, 0;
    %delay 2, 0;
    %delay 2, 0;
    %delay 2, 0;
    %delay 2, 0;
    %delay 2, 0;
    %delay 2, 0;
    %delay 2, 0;
    %pushi/vec4 0, 0, 2;
    %store/vec4 v000001fc40995e70_0, 0, 2;
    %delay 2, 0;
    %vpi_call 2 139 "$finish" {0 0 0};
    %end;
    .thread T_20;
# The file index is used to find the file name in the following table.
:file_names 6;
    "N/A";
    "<interactive>";
    "aes_engine_tb.v";
    "aes_engine.v";
    "input_interface.v";
    "engine_key_generator.v";
