#! /c/Source/iverilog-install/bin/vvp
:ivl_version "12.0 (devel)" "(s20150603-1539-g2693dd32b)";
:ivl_delay_selection "TYPICAL";
:vpi_time_precision - 9;
:vpi_module "C:\iverilog\lib\ivl\system.vpi";
:vpi_module "C:\iverilog\lib\ivl\vhdl_sys.vpi";
:vpi_module "C:\iverilog\lib\ivl\vhdl_textio.vpi";
:vpi_module "C:\iverilog\lib\ivl\v2005_math.vpi";
:vpi_module "C:\iverilog\lib\ivl\va_math.vpi";
S_000001b911fee390 .scope module, "input_interface_tb" "input_interface_tb" 2 4;
 .timescale -9 -9;
P_000001b912001910 .param/l "C_ID" 1 2 36, C4<00>;
P_000001b912001948 .param/l "C_SK" 1 2 38, C4<10>;
P_000001b912001980 .param/l "C_SP" 1 2 37, C4<01>;
P_000001b9120019b8 .param/l "C_ST" 1 2 39, C4<11>;
v000001b91205f9e0_0 .var *"_ivl_0", 0 0; Local signal
v000001b91205f6c0_0 .var "clk_tb", 0 0;
v000001b91205f300_0 .var "cmd_tb", 1 0;
v000001b91205fbc0_0 .var "din_tb", 7 0;
v000001b91205fda0_0 .net "enginC_w", 0 0, L_000001b91200cbd0;  1 drivers
v000001b91205f940_0 .var "engind", 0 0;
v000001b91205fe40_0 .net "key_tb", 127 0, L_000001b91200cfc0;  1 drivers
v000001b91205ff80_0 .net "plain_tb", 127 0, L_000001b91200cd20;  1 drivers
v000001b912060c70_0 .net "ready_w", 0 0, L_000001b912060810;  1 drivers
v000001b912061a30_0 .var "rst_tb", 0 0;
S_000001b912001a00 .scope module, "i_uut" "input_interface" 2 20, 3 2 0, S_000001b911fee390;
 .timescale 0 0;
    .port_info 0 /INPUT 1 "clk";
    .port_info 1 /INPUT 1 "rst_";
    .port_info 2 /INPUT 8 "din";
    .port_info 3 /INPUT 2 "cmd";
    .port_info 4 /OUTPUT 1 "ready";
    .port_info 5 /INPUT 1 "engine_done";
    .port_info 6 /OUTPUT 1 "engine_start";
    .port_info 7 /OUTPUT 128 "plain_out";
    .port_info 8 /OUTPUT 128 "key_out";
P_000001b912001b90 .param/l "S_ID" 1 3 16, C4<00>;
P_000001b912001bc8 .param/l "S_SK" 1 3 18, C4<10>;
P_000001b912001c00 .param/l "S_SP" 1 3 17, C4<01>;
P_000001b912001c38 .param/l "S_ST" 1 3 19, C4<11>;
L_000001b91200cd20 .functor BUFZ 128, v000001b91205fee0_0, C4<00000000000000000000000000000000000000000000000000000000000000000000000000000000000000000000000000000000000000000000000000000000>, C4<00000000000000000000000000000000000000000000000000000000000000000000000000000000000000000000000000000000000000000000000000000000>, C4<00000000000000000000000000000000000000000000000000000000000000000000000000000000000000000000000000000000000000000000000000000000>;
L_000001b91200cfc0 .functor BUFZ 128, v000001b91205f120_0, C4<00000000000000000000000000000000000000000000000000000000000000000000000000000000000000000000000000000000000000000000000000000000>, C4<00000000000000000000000000000000000000000000000000000000000000000000000000000000000000000000000000000000000000000000000000000000>, C4<00000000000000000000000000000000000000000000000000000000000000000000000000000000000000000000000000000000000000000000000000000000>;
L_000001b91200d180 .functor AND 1, L_000001b9120604f0, L_000001b912060630, C4<1>, C4<1>;
L_000001b91200cbd0 .functor AND 1, L_000001b91200d180, L_000001b912060ef0, C4<1>, C4<1>;
v000001b912001c80_0 .net *"_ivl_10", 0 0, L_000001b912060630;  1 drivers
v000001b911ff3d70_0 .net *"_ivl_13", 0 0, L_000001b91200d180;  1 drivers
L_000001b912062cf8 .functor BUFT 1, C4<11>, C4<0>, C4<0>, C4<0>;
v000001b911ff3e10_0 .net/2u *"_ivl_14", 1 0, L_000001b912062cf8;  1 drivers
v000001b911ff3eb0_0 .net *"_ivl_16", 0 0, L_000001b912060ef0;  1 drivers
L_000001b912062d40 .functor BUFT 1, C4<00>, C4<0>, C4<0>, C4<0>;
v000001b911ff3f50_0 .net/2u *"_ivl_20", 1 0, L_000001b912062d40;  1 drivers
L_000001b912062c68 .functor BUFT 1, C4<1111>, C4<0>, C4<0>, C4<0>;
v000001b911ff3ff0_0 .net/2u *"_ivl_4", 3 0, L_000001b912062c68;  1 drivers
v000001b91205f3a0_0 .net *"_ivl_6", 0 0, L_000001b9120604f0;  1 drivers
L_000001b912062cb0 .functor BUFT 1, C4<1111>, C4<0>, C4<0>, C4<0>;
v000001b91205f760_0 .net/2u *"_ivl_8", 3 0, L_000001b912062cb0;  1 drivers
v000001b91205fd00_0 .net "clk", 0 0, v000001b91205f6c0_0;  1 drivers
v000001b91205f8a0_0 .net "cmd", 1 0, v000001b91205f300_0;  1 drivers
v000001b91205fa80_0 .net "din", 7 0, v000001b91205fbc0_0;  1 drivers
v000001b91205f440_0 .net "engine_done", 0 0, v000001b91205f940_0;  1 drivers
v000001b91205f580_0 .net "engine_start", 0 0, L_000001b91200cbd0;  alias, 1 drivers
v000001b91205f080_0 .var "k_i", 3 0;
v000001b91205f120_0 .var "key", 127 0;
v000001b91205f1c0_0 .net "key_out", 127 0, L_000001b91200cfc0;  alias, 1 drivers
v000001b91205f800_0 .var "next_state", 1 0;
v000001b91205f4e0_0 .var "p_i", 3 0;
v000001b91205fee0_0 .var "plain", 127 0;
v000001b91205fb20_0 .net "plain_out", 127 0, L_000001b91200cd20;  alias, 1 drivers
v000001b91205f620_0 .net "ready", 0 0, L_000001b912060810;  alias, 1 drivers
v000001b91205fc60_0 .net "rst_", 0 0, v000001b912061a30_0;  1 drivers
v000001b91205f260_0 .var "state", 1 0;
E_000001b911fefaf0 .event posedge, v000001b91205fd00_0;
E_000001b911fef230 .event negedge, v000001b91205fd00_0;
L_000001b9120604f0 .cmp/eq 4, v000001b91205f4e0_0, L_000001b912062c68;
L_000001b912060630 .cmp/eq 4, v000001b91205f080_0, L_000001b912062cb0;
L_000001b912060ef0 .cmp/eq 2, v000001b91205f260_0, L_000001b912062cf8;
L_000001b912060810 .cmp/eq 2, v000001b91205f260_0, L_000001b912062d40;
S_000001b911fc3460 .scope begin, "next_state_decode" "next_state_decode" 3 57, 3 57 0, S_000001b912001a00;
 .timescale 0 0;
S_000001b911fc35f0 .scope task, "resetkey" "resetkey" 3 41, 3 41 0, S_000001b912001a00;
 .timescale 0 0;
TD_input_interface_tb.i_uut.resetkey ;
    %pushi/vec4 0, 0, 128;
    %store/vec4 v000001b91205f120_0, 0, 128;
    %pushi/vec4 0, 0, 4;
    %store/vec4 v000001b91205f080_0, 0, 4;
    %end;
S_000001b911fc3780 .scope task, "resetplain" "resetplain" 3 47, 3 47 0, S_000001b912001a00;
 .timescale 0 0;
TD_input_interface_tb.i_uut.resetplain ;
    %pushi/vec4 0, 0, 128;
    %store/vec4 v000001b91205fee0_0, 0, 128;
    %pushi/vec4 0, 0, 4;
    %store/vec4 v000001b91205f4e0_0, 0, 4;
    %end;
    .scope S_000001b912001a00;
T_2 ;
    %pushi/vec4 0, 0, 2;
    %store/vec4 v000001b91205f260_0, 0, 2;
    %end;
    .thread T_2;
    .scope S_000001b912001a00;
T_3 ;
    %pushi/vec4 4027431614, 0, 32;
    %concati/vec4 4027431614, 0, 32;
    %concati/vec4 4027431614, 0, 32;
    %concati/vec4 4027431614, 0, 32;
    %store/vec4 v000001b91205fee0_0, 0, 128;
    %end;
    .thread T_3;
    .scope S_000001b912001a00;
T_4 ;
    %pushi/vec4 4027431614, 0, 32;
    %concati/vec4 4027431614, 0, 32;
    %concati/vec4 4027431614, 0, 32;
    %concati/vec4 4027431614, 0, 32;
    %store/vec4 v000001b91205f120_0, 0, 128;
    %end;
    .thread T_4;
    .scope S_000001b912001a00;
T_5 ;
    %pushi/vec4 0, 0, 4;
    %store/vec4 v000001b91205f4e0_0, 0, 4;
    %end;
    .thread T_5;
    .scope S_000001b912001a00;
T_6 ;
    %pushi/vec4 0, 0, 4;
    %store/vec4 v000001b91205f080_0, 0, 4;
    %end;
    .thread T_6;
    .scope S_000001b912001a00;
T_7 ;
    %wait E_000001b911fef230;
    %load/vec4 v000001b91205f800_0;
    %assign/vec4 v000001b91205f260_0, 0;
    %jmp T_7;
    .thread T_7;
    .scope S_000001b912001a00;
T_8 ;
    %wait E_000001b911fefaf0;
    %fork t_1, S_000001b911fc3460;
    %jmp t_0;
    .scope S_000001b911fc3460;
t_1 ;
    %load/vec4 v000001b91205fc60_0;
    %nor/r;
    %flag_set/vec4 8;
    %jmp/0xz  T_8.0, 8;
    %fork TD_input_interface_tb.i_uut.resetplain, S_000001b911fc3780;
    %join;
    %fork TD_input_interface_tb.i_uut.resetkey, S_000001b911fc35f0;
    %join;
    %pushi/vec4 0, 0, 2;
    %store/vec4 v000001b91205f800_0, 0, 2;
    %jmp T_8.1;
T_8.0 ;
    %load/vec4 v000001b91205f8a0_0;
    %dup/vec4;
    %pushi/vec4 1, 0, 2;
    %cmp/u;
    %jmp/1 T_8.2, 6;
    %dup/vec4;
    %pushi/vec4 2, 0, 2;
    %cmp/u;
    %jmp/1 T_8.3, 6;
    %dup/vec4;
    %pushi/vec4 3, 0, 2;
    %cmp/u;
    %jmp/1 T_8.4, 6;
    %pushi/vec4 0, 0, 2;
    %store/vec4 v000001b91205f800_0, 0, 2;
    %jmp T_8.6;
T_8.2 ;
    %load/vec4 v000001b91205f260_0;
    %cmpi/ne 1, 0, 2;
    %jmp/0xz  T_8.7, 4;
    %fork TD_input_interface_tb.i_uut.resetplain, S_000001b911fc3780;
    %join;
    %jmp T_8.8;
T_8.7 ;
    %load/vec4 v000001b91205f4e0_0;
    %addi 1, 0, 4;
    %assign/vec4 v000001b91205f4e0_0, 0;
T_8.8 ;
    %load/vec4 v000001b91205f4e0_0;
    %cmpi/e 15, 0, 4;
    %jmp/0xz  T_8.9, 4;
    %pushi/vec4 0, 0, 2;
    %store/vec4 v000001b91205f800_0, 0, 2;
    %jmp T_8.10;
T_8.9 ;
    %load/vec4 v000001b91205fee0_0;
    %parti/s 120, 0, 2;
    %load/vec4 v000001b91205fa80_0;
    %concat/vec4; draw_concat_vec4
    %store/vec4 v000001b91205fee0_0, 0, 128;
    %pushi/vec4 1, 0, 2;
    %store/vec4 v000001b91205f800_0, 0, 2;
T_8.10 ;
    %jmp T_8.6;
T_8.3 ;
    %load/vec4 v000001b91205f260_0;
    %cmpi/ne 2, 0, 2;
    %jmp/0xz  T_8.11, 4;
    %fork TD_input_interface_tb.i_uut.resetkey, S_000001b911fc35f0;
    %join;
    %jmp T_8.12;
T_8.11 ;
    %load/vec4 v000001b91205f080_0;
    %addi 1, 0, 4;
    %assign/vec4 v000001b91205f080_0, 0;
T_8.12 ;
    %load/vec4 v000001b91205f080_0;
    %cmpi/e 15, 0, 4;
    %jmp/0xz  T_8.13, 4;
    %pushi/vec4 0, 0, 2;
    %store/vec4 v000001b91205f800_0, 0, 2;
    %jmp T_8.14;
T_8.13 ;
    %load/vec4 v000001b91205f120_0;
    %parti/s 120, 0, 2;
    %load/vec4 v000001b91205fa80_0;
    %concat/vec4; draw_concat_vec4
    %store/vec4 v000001b91205f120_0, 0, 128;
    %pushi/vec4 2, 0, 2;
    %store/vec4 v000001b91205f800_0, 0, 2;
T_8.14 ;
    %jmp T_8.6;
T_8.4 ;
    %load/vec4 v000001b91205f4e0_0;
    %cmpi/e 15, 0, 4;
    %flag_get/vec4 4;
    %jmp/0 T_8.17, 4;
    %load/vec4 v000001b91205f080_0;
    %pushi/vec4 15, 0, 4;
    %cmp/e;
    %flag_get/vec4 4;
    %and;
T_8.17;
    %flag_set/vec4 8;
    %jmp/0xz  T_8.15, 8;
    %pushi/vec4 3, 0, 2;
    %store/vec4 v000001b91205f800_0, 0, 2;
T_8.15 ;
    %load/vec4 v000001b91205f440_0;
    %flag_set/vec4 8;
    %jmp/0xz  T_8.18, 8;
    %pushi/vec4 0, 0, 4;
    %store/vec4 v000001b91205f4e0_0, 0, 4;
    %pushi/vec4 0, 0, 4;
    %store/vec4 v000001b91205f080_0, 0, 4;
    %fork TD_input_interface_tb.i_uut.resetplain, S_000001b911fc3780;
    %join;
    %fork TD_input_interface_tb.i_uut.resetkey, S_000001b911fc35f0;
    %join;
    %pushi/vec4 0, 0, 2;
    %store/vec4 v000001b91205f800_0, 0, 2;
    %jmp T_8.19;
T_8.18 ;
    %pushi/vec4 3, 0, 2;
    %store/vec4 v000001b91205f800_0, 0, 2;
T_8.19 ;
    %jmp T_8.6;
T_8.6 ;
    %pop/vec4 1;
T_8.1 ;
    %end;
    .scope S_000001b912001a00;
t_0 %join;
    %jmp T_8;
    .thread T_8;
    .scope S_000001b912001a00;
T_9 ;
    %vpi_call 3 124 "$dumpfile", "simulation/input_interface.vcd" {0 0 0};
    %vpi_call 3 125 "$dumpvars", 32'sb00000000000000000000000000000000, S_000001b912001a00 {0 0 0};
    %end;
    .thread T_9;
    .scope S_000001b911fee390;
T_10 ;
    %pushi/vec4 0, 0, 1;
    %store/vec4 v000001b91205f6c0_0, 0, 1;
    %pushi/vec4 0, 0, 1;
    %store/vec4 v000001b912061a30_0, 0, 1;
    %pushi/vec4 0, 0, 8;
    %store/vec4 v000001b91205fbc0_0, 0, 8;
    %pushi/vec4 0, 0, 2;
    %store/vec4 v000001b91205f300_0, 0, 2;
    %pushi/vec4 0, 0, 1;
    %store/vec4 v000001b91205f940_0, 0, 1;
    %end;
    .thread T_10;
    .scope S_000001b911fee390;
T_11 ;
    %load/vec4 v000001b91205f6c0_0;
    %inv;
    %store/vec4 v000001b91205f9e0_0, 0, 1;
    %pushi/vec4 1, 0, 64;
    %ix/vec4 4;
    %delayx 4;
    %load/vec4 v000001b91205f9e0_0;
    %store/vec4 v000001b91205f6c0_0, 0, 1;
    %jmp T_11;
    .thread T_11;
    .scope S_000001b911fee390;
T_12 ;
    %pushi/vec4 1, 0, 1;
    %store/vec4 v000001b91205f940_0, 0, 1;
    %pushi/vec4 0, 0, 1;
    %store/vec4 v000001b912061a30_0, 0, 1;
    %delay 2, 0;
    %pushi/vec4 1, 0, 1;
    %store/vec4 v000001b912061a30_0, 0, 1;
    %delay 2, 0;
    %pushi/vec4 1, 0, 2;
    %store/vec4 v000001b91205f300_0, 0, 2;
    %pushi/vec4 0, 0, 8;
    %store/vec4 v000001b91205fbc0_0, 0, 8;
    %delay 2, 0;
    %pushi/vec4 4, 0, 8;
    %store/vec4 v000001b91205fbc0_0, 0, 8;
    %delay 2, 0;
    %pushi/vec4 18, 0, 8;
    %store/vec4 v000001b91205fbc0_0, 0, 8;
    %delay 2, 0;
    %pushi/vec4 20, 0, 8;
    %store/vec4 v000001b91205fbc0_0, 0, 8;
    %delay 2, 0;
    %pushi/vec4 18, 0, 8;
    %store/vec4 v000001b91205fbc0_0, 0, 8;
    %delay 2, 0;
    %pushi/vec4 4, 0, 8;
    %store/vec4 v000001b91205fbc0_0, 0, 8;
    %delay 2, 0;
    %pushi/vec4 18, 0, 8;
    %store/vec4 v000001b91205fbc0_0, 0, 8;
    %delay 2, 0;
    %pushi/vec4 0, 0, 8;
    %store/vec4 v000001b91205fbc0_0, 0, 8;
    %delay 2, 0;
    %pushi/vec4 12, 0, 8;
    %store/vec4 v000001b91205fbc0_0, 0, 8;
    %delay 2, 0;
    %pushi/vec4 0, 0, 8;
    %store/vec4 v000001b91205fbc0_0, 0, 8;
    %delay 2, 0;
    %pushi/vec4 19, 0, 8;
    %store/vec4 v000001b91205fbc0_0, 0, 8;
    %delay 2, 0;
    %pushi/vec4 17, 0, 8;
    %store/vec4 v000001b91205fbc0_0, 0, 8;
    %delay 2, 0;
    %pushi/vec4 8, 0, 8;
    %store/vec4 v000001b91205fbc0_0, 0, 8;
    %delay 2, 0;
    %pushi/vec4 35, 0, 8;
    %store/vec4 v000001b91205fbc0_0, 0, 8;
    %delay 2, 0;
    %pushi/vec4 25, 0, 8;
    %store/vec4 v000001b91205fbc0_0, 0, 8;
    %delay 2, 0;
    %pushi/vec4 25, 0, 8;
    %store/vec4 v000001b91205fbc0_0, 0, 8;
    %delay 2, 0;
    %pushi/vec4 0, 0, 2;
    %store/vec4 v000001b91205f300_0, 0, 2;
    %delay 2, 0;
    %pushi/vec4 2, 0, 2;
    %store/vec4 v000001b91205f300_0, 0, 2;
    %pushi/vec4 36, 0, 8;
    %store/vec4 v000001b91205fbc0_0, 0, 8;
    %delay 2, 0;
    %pushi/vec4 117, 0, 8;
    %store/vec4 v000001b91205fbc0_0, 0, 8;
    %delay 2, 0;
    %pushi/vec4 162, 0, 8;
    %store/vec4 v000001b91205fbc0_0, 0, 8;
    %delay 2, 0;
    %pushi/vec4 179, 0, 8;
    %store/vec4 v000001b91205fbc0_0, 0, 8;
    %delay 2, 0;
    %pushi/vec4 52, 0, 8;
    %store/vec4 v000001b91205fbc0_0, 0, 8;
    %delay 2, 0;
    %pushi/vec4 117, 0, 8;
    %store/vec4 v000001b91205fbc0_0, 0, 8;
    %delay 2, 0;
    %pushi/vec4 86, 0, 8;
    %store/vec4 v000001b91205fbc0_0, 0, 8;
    %delay 2, 0;
    %pushi/vec4 136, 0, 8;
    %store/vec4 v000001b91205fbc0_0, 0, 8;
    %delay 2, 0;
    %pushi/vec4 49, 0, 8;
    %store/vec4 v000001b91205fbc0_0, 0, 8;
    %delay 2, 0;
    %pushi/vec4 226, 0, 8;
    %store/vec4 v000001b91205fbc0_0, 0, 8;
    %delay 2, 0;
    %pushi/vec4 18, 0, 8;
    %store/vec4 v000001b91205fbc0_0, 0, 8;
    %delay 2, 0;
    %pushi/vec4 0, 0, 8;
    %store/vec4 v000001b91205fbc0_0, 0, 8;
    %delay 2, 0;
    %pushi/vec4 19, 0, 8;
    %store/vec4 v000001b91205fbc0_0, 0, 8;
    %delay 2, 0;
    %pushi/vec4 170, 0, 8;
    %store/vec4 v000001b91205fbc0_0, 0, 8;
    %delay 2, 0;
    %pushi/vec4 84, 0, 8;
    %store/vec4 v000001b91205fbc0_0, 0, 8;
    %delay 2, 0;
    %pushi/vec4 135, 0, 8;
    %store/vec4 v000001b91205fbc0_0, 0, 8;
    %delay 2, 0;
    %pushi/vec4 0, 0, 2;
    %store/vec4 v000001b91205f300_0, 0, 2;
    %delay 2, 0;
    %pushi/vec4 3, 0, 2;
    %store/vec4 v000001b91205f300_0, 0, 2;
    %pushi/vec4 0, 0, 1;
    %store/vec4 v000001b91205f940_0, 0, 1;
    %delay 2, 0;
    %delay 2, 0;
    %delay 2, 0;
    %delay 2, 0;
    %delay 2, 0;
    %delay 2, 0;
    %delay 2, 0;
    %delay 2, 0;
    %pushi/vec4 1, 0, 1;
    %store/vec4 v000001b91205f940_0, 0, 1;
    %delay 2, 0;
    %pushi/vec4 0, 0, 2;
    %store/vec4 v000001b91205f300_0, 0, 2;
    %delay 2, 0;
    %vpi_call 2 149 "$finish" {0 0 0};
    %end;
    .thread T_12;
# The file index is used to find the file name in the following table.
:file_names 4;
    "N/A";
    "<interactive>";
    "input_interface_tb.v";
    "input_interface.v";
